[0.065s] Invoking command in '/mnt/d/code/Major-Project/ros_ws/build/my_bot': CMAKE_PREFIX_PATH=/opt/ros/humble /usr/bin/cmake /mnt/d/code/Major-Project/ros_ws/src/my_bot -DCMAKE_INSTALL_PREFIX=/mnt/d/code/Major-Project/ros_ws/install/my_bot
[0.389s] -- The C compiler identification is GNU 11.4.0
[0.748s] -- The CXX compiler identification is GNU 11.4.0
[0.899s] -- Detecting C compiler ABI info
[1.324s] -- Detecting C compiler ABI info - done
[1.352s] -- Check for working C compiler: /usr/bin/cc - skipped
[1.353s] -- Detecting C compile features
[1.353s] -- Detecting C compile features - done
[1.393s] -- Detecting CXX compiler ABI info
[1.826s] -- Detecting CXX compiler ABI info - done
[1.849s] -- Check for working CXX compiler: /usr/bin/c++ - skipped
[1.851s] -- Detecting CXX compile features
[1.851s] -- Detecting CXX compile features - done
[1.894s] -- Found ament_cmake: 1.3.12 (/opt/ros/humble/share/ament_cmake/cmake)
[2.046s] -- Found Python3: /usr/bin/python3 (found version "3.10.12") found components: Interpreter 
[2.277s] -- Found ament_lint_auto: 0.12.14 (/opt/ros/humble/share/ament_lint_auto/cmake)
[2.562s] -- Added test 'copyright' to check source files copyright and LICENSE
[3.112s] -- Added test 'flake8' to check Python code syntax and style conventions
[3.174s] -- Added test 'lint_cmake' to check CMake code style
[3.210s] -- Added test 'pep257' to check Python code against some of the docstring style conventions in PEP 257
[3.496s] -- Added test 'xmllint' to check XML markup files
[3.583s] -- Configuring done
[3.783s] -- Generating done
[3.989s] -- Build files have been written to: /mnt/d/code/Major-Project/ros_ws/build/my_bot
[3.993s] Invoked command in '/mnt/d/code/Major-Project/ros_ws/build/my_bot' returned '0': CMAKE_PREFIX_PATH=/opt/ros/humble /usr/bin/cmake /mnt/d/code/Major-Project/ros_ws/src/my_bot -DCMAKE_INSTALL_PREFIX=/mnt/d/code/Major-Project/ros_ws/install/my_bot
[4.003s] Invoking command in '/mnt/d/code/Major-Project/ros_ws/build/my_bot': CMAKE_PREFIX_PATH=/opt/ros/humble /usr/bin/cmake --build /mnt/d/code/Major-Project/ros_ws/build/my_bot -- -j7 -l7
[4.090s] Invoked command in '/mnt/d/code/Major-Project/ros_ws/build/my_bot' returned '0': CMAKE_PREFIX_PATH=/opt/ros/humble /usr/bin/cmake --build /mnt/d/code/Major-Project/ros_ws/build/my_bot -- -j7 -l7
[4.116s] Invoking command in '/mnt/d/code/Major-Project/ros_ws/build/my_bot': CMAKE_PREFIX_PATH=/opt/ros/humble /usr/bin/cmake --install /mnt/d/code/Major-Project/ros_ws/build/my_bot
[4.126s] -- Install configuration: ""
[4.132s] -- Installing: /mnt/d/code/Major-Project/ros_ws/install/my_bot/share/my_bot/config
[4.154s] -- Installing: /mnt/d/code/Major-Project/ros_ws/install/my_bot/share/my_bot/config/empty.yaml
[4.202s] -- Installing: /mnt/d/code/Major-Project/ros_ws/install/my_bot/share/my_bot/description
[4.222s] -- Installing: /mnt/d/code/Major-Project/ros_ws/install/my_bot/share/my_bot/description/robot.urdf.xacro
[4.271s] -- Installing: /mnt/d/code/Major-Project/ros_ws/install/my_bot/share/my_bot/launch
[4.290s] -- Installing: /mnt/d/code/Major-Project/ros_ws/install/my_bot/share/my_bot/launch/rsp.launch.py
[4.343s] -- Installing: /mnt/d/code/Major-Project/ros_ws/install/my_bot/share/my_bot/worlds
[4.369s] -- Installing: /mnt/d/code/Major-Project/ros_ws/install/my_bot/share/my_bot/worlds/empty.world
[4.440s] -- Installing: /mnt/d/code/Major-Project/ros_ws/install/my_bot/share/ament_index/resource_index/package_run_dependencies/my_bot
[4.505s] -- Installing: /mnt/d/code/Major-Project/ros_ws/install/my_bot/share/ament_index/resource_index/parent_prefix_path/my_bot
[4.614s] -- Installing: /mnt/d/code/Major-Project/ros_ws/install/my_bot/share/my_bot/environment/ament_prefix_path.sh
[4.654s] -- Installing: /mnt/d/code/Major-Project/ros_ws/install/my_bot/share/my_bot/environment/ament_prefix_path.dsv
[4.701s] -- Installing: /mnt/d/code/Major-Project/ros_ws/install/my_bot/share/my_bot/environment/path.sh
[4.748s] -- Installing: /mnt/d/code/Major-Project/ros_ws/install/my_bot/share/my_bot/environment/path.dsv
[4.790s] -- Installing: /mnt/d/code/Major-Project/ros_ws/install/my_bot/share/my_bot/local_setup.bash
[4.831s] -- Installing: /mnt/d/code/Major-Project/ros_ws/install/my_bot/share/my_bot/local_setup.sh
[4.871s] -- Installing: /mnt/d/code/Major-Project/ros_ws/install/my_bot/share/my_bot/local_setup.zsh
[4.914s] -- Installing: /mnt/d/code/Major-Project/ros_ws/install/my_bot/share/my_bot/local_setup.dsv
[4.952s] -- Installing: /mnt/d/code/Major-Project/ros_ws/install/my_bot/share/my_bot/package.dsv
[5.004s] -- Installing: /mnt/d/code/Major-Project/ros_ws/install/my_bot/share/ament_index/resource_index/packages/my_bot
[5.061s] -- Installing: /mnt/d/code/Major-Project/ros_ws/install/my_bot/share/my_bot/cmake/my_botConfig.cmake
[5.101s] -- Installing: /mnt/d/code/Major-Project/ros_ws/install/my_bot/share/my_bot/cmake/my_botConfig-version.cmake
[5.145s] -- Installing: /mnt/d/code/Major-Project/ros_ws/install/my_bot/share/my_bot/package.xml
[5.180s] Invoked command in '/mnt/d/code/Major-Project/ros_ws/build/my_bot' returned '0': CMAKE_PREFIX_PATH=/opt/ros/humble /usr/bin/cmake --install /mnt/d/code/Major-Project/ros_ws/build/my_bot
