[0.187s] DEBUG:colcon:Command line arguments: ['/usr/bin/colcon', 'build']
[0.188s] DEBUG:colcon:Parsed command line arguments: Namespace(log_base=None, log_level=None, verb_name='build', build_base='build', install_base='install', merge_install=False, symlink_install=False, test_result_base=None, continue_on_error=False, executor='parallel', parallel_workers=7, event_handlers=None, ignore_user_meta=False, metas=['./colcon.meta'], base_paths=['.'], packages_ignore=None, packages_ignore_regex=None, paths=None, packages_up_to=None, packages_up_to_regex=None, packages_above=None, packages_above_and_dependencies=None, packages_above_depth=None, packages_select_by_dep=None, packages_skip_by_dep=None, packages_skip_up_to=None, packages_select_build_failed=False, packages_skip_build_finished=False, packages_select_test_failures=False, packages_skip_test_passed=False, packages_select=None, packages_skip=None, packages_select_regex=None, packages_skip_regex=None, packages_start=None, packages_end=None, allow_overriding=[], cmake_args=None, cmake_target=None, cmake_target_skip_unavailable=False, cmake_clean_cache=False, cmake_clean_first=False, cmake_force_configure=False, ament_cmake_args=None, catkin_cmake_args=None, catkin_skip_building_tests=False, mixin_files=None, mixin=None, verb_parser=<colcon_mixin.mixin.mixin_argument.MixinArgumentDecorator object at 0x743babf49990>, verb_extension=<colcon_core.verb.build.BuildVerb object at 0x743babf494e0>, main=<bound method BuildVerb.main of <colcon_core.verb.build.BuildVerb object at 0x743babf494e0>>, mixin_verb=('build',))
[0.307s] Level 1:colcon.colcon_core.package_discovery:discover_packages(colcon_meta) check parameters
[0.308s] Level 1:colcon.colcon_core.package_discovery:discover_packages(recursive) check parameters
[0.308s] Level 1:colcon.colcon_core.package_discovery:discover_packages(ignore) check parameters
[0.309s] Level 1:colcon.colcon_core.package_discovery:discover_packages(path) check parameters
[0.309s] Level 1:colcon.colcon_core.package_discovery:discover_packages(colcon_meta) discover
[0.310s] Level 1:colcon.colcon_core.package_discovery:discover_packages(recursive) discover
[0.310s] INFO:colcon.colcon_core.package_discovery:Crawling recursively for packages in '/mnt/d/code/Major-Project/ros_ws'
[0.313s] Level 1:colcon.colcon_core.package_identification:_identify(.) by extensions ['ignore', 'ignore_ament_install']
[0.313s] Level 1:colcon.colcon_core.package_identification:_identify(.) by extension 'ignore'
[0.314s] Level 1:colcon.colcon_core.package_identification:_identify(.) by extension 'ignore_ament_install'
[0.315s] Level 1:colcon.colcon_core.package_identification:_identify(.) by extensions ['colcon_pkg']
[0.315s] Level 1:colcon.colcon_core.package_identification:_identify(.) by extension 'colcon_pkg'
[0.315s] Level 1:colcon.colcon_core.package_identification:_identify(.) by extensions ['colcon_meta']
[0.315s] Level 1:colcon.colcon_core.package_identification:_identify(.) by extension 'colcon_meta'
[0.315s] Level 1:colcon.colcon_core.package_identification:_identify(.) by extensions ['ros']
[0.316s] Level 1:colcon.colcon_core.package_identification:_identify(.) by extension 'ros'
[0.326s] Level 1:colcon.colcon_core.package_identification:_identify(.) by extensions ['cmake', 'python']
[0.326s] Level 1:colcon.colcon_core.package_identification:_identify(.) by extension 'cmake'
[0.327s] Level 1:colcon.colcon_core.package_identification:_identify(.) by extension 'python'
[0.327s] Level 1:colcon.colcon_core.package_identification:_identify(.) by extensions ['python_setup_py']
[0.328s] Level 1:colcon.colcon_core.package_identification:_identify(.) by extension 'python_setup_py'
[0.329s] Level 1:colcon.colcon_core.package_identification:_identify(build) by extensions ['ignore', 'ignore_ament_install']
[0.329s] Level 1:colcon.colcon_core.package_identification:_identify(build) by extension 'ignore'
[0.330s] Level 1:colcon.colcon_core.package_identification:_identify(build) ignored
[0.332s] Level 1:colcon.colcon_core.package_identification:_identify(install) by extensions ['ignore', 'ignore_ament_install']
[0.332s] Level 1:colcon.colcon_core.package_identification:_identify(install) by extension 'ignore'
[0.333s] Level 1:colcon.colcon_core.package_identification:_identify(install) ignored
[0.335s] Level 1:colcon.colcon_core.package_identification:_identify(log) by extensions ['ignore', 'ignore_ament_install']
[0.335s] Level 1:colcon.colcon_core.package_identification:_identify(log) by extension 'ignore'
[0.336s] Level 1:colcon.colcon_core.package_identification:_identify(log) ignored
[0.337s] Level 1:colcon.colcon_core.package_identification:_identify(src) by extensions ['ignore', 'ignore_ament_install']
[0.337s] Level 1:colcon.colcon_core.package_identification:_identify(src) by extension 'ignore'
[0.338s] Level 1:colcon.colcon_core.package_identification:_identify(src) by extension 'ignore_ament_install'
[0.338s] Level 1:colcon.colcon_core.package_identification:_identify(src) by extensions ['colcon_pkg']
[0.339s] Level 1:colcon.colcon_core.package_identification:_identify(src) by extension 'colcon_pkg'
[0.339s] Level 1:colcon.colcon_core.package_identification:_identify(src) by extensions ['colcon_meta']
[0.339s] Level 1:colcon.colcon_core.package_identification:_identify(src) by extension 'colcon_meta'
[0.340s] Level 1:colcon.colcon_core.package_identification:_identify(src) by extensions ['ros']
[0.340s] Level 1:colcon.colcon_core.package_identification:_identify(src) by extension 'ros'
[0.341s] Level 1:colcon.colcon_core.package_identification:_identify(src) by extensions ['cmake', 'python']
[0.342s] Level 1:colcon.colcon_core.package_identification:_identify(src) by extension 'cmake'
[0.342s] Level 1:colcon.colcon_core.package_identification:_identify(src) by extension 'python'
[0.342s] Level 1:colcon.colcon_core.package_identification:_identify(src) by extensions ['python_setup_py']
[0.343s] Level 1:colcon.colcon_core.package_identification:_identify(src) by extension 'python_setup_py'
[0.345s] Level 1:colcon.colcon_core.package_identification:_identify(src/my_bot) by extensions ['ignore', 'ignore_ament_install']
[0.345s] Level 1:colcon.colcon_core.package_identification:_identify(src/my_bot) by extension 'ignore'
[0.346s] Level 1:colcon.colcon_core.package_identification:_identify(src/my_bot) by extension 'ignore_ament_install'
[0.347s] Level 1:colcon.colcon_core.package_identification:_identify(src/my_bot) by extensions ['colcon_pkg']
[0.347s] Level 1:colcon.colcon_core.package_identification:_identify(src/my_bot) by extension 'colcon_pkg'
[0.348s] Level 1:colcon.colcon_core.package_identification:_identify(src/my_bot) by extensions ['colcon_meta']
[0.348s] Level 1:colcon.colcon_core.package_identification:_identify(src/my_bot) by extension 'colcon_meta'
[0.349s] Level 1:colcon.colcon_core.package_identification:_identify(src/my_bot) by extensions ['ros']
[0.349s] Level 1:colcon.colcon_core.package_identification:_identify(src/my_bot) by extension 'ros'
[0.358s] DEBUG:colcon.colcon_core.package_identification:Package 'src/my_bot' with type 'ros.ament_cmake' and name 'my_bot'
[0.359s] Level 1:colcon.colcon_core.package_discovery:discover_packages(recursive) using defaults
[0.359s] Level 1:colcon.colcon_core.package_discovery:discover_packages(ignore) discover
[0.359s] Level 1:colcon.colcon_core.package_discovery:discover_packages(ignore) using defaults
[0.359s] Level 1:colcon.colcon_core.package_discovery:discover_packages(path) discover
[0.359s] Level 1:colcon.colcon_core.package_discovery:discover_packages(path) using defaults
[0.388s] Level 1:colcon.colcon_core.package_discovery:discover_packages(prefix_path) check parameters
[0.388s] Level 1:colcon.colcon_core.package_discovery:discover_packages(prefix_path) discover
[0.390s] WARNING:colcon.colcon_ros.prefix_path.ament:The path '/mnt/d/code/Major-Project/ros_ws/install/my_bot' in the environment variable AMENT_PREFIX_PATH doesn't exist
[0.391s] WARNING:colcon.colcon_ros.prefix_path.catkin:The path '/mnt/d/code/Major-Project/ros_ws/install/my_bot' in the environment variable CMAKE_PREFIX_PATH doesn't exist
[0.399s] DEBUG:colcon.colcon_installed_package_information.package_discovery:Found 0 installed packages in /mnt/d/code/Major-Project/ros_ws/install
[0.401s] DEBUG:colcon.colcon_installed_package_information.package_discovery:Found 279 installed packages in /opt/ros/humble
[0.402s] Level 1:colcon.colcon_core.package_discovery:discover_packages(prefix_path) using defaults
[0.434s] Level 5:colcon.colcon_core.verb:set package 'my_bot' build argument 'cmake_args' from command line to 'None'
[0.434s] Level 5:colcon.colcon_core.verb:set package 'my_bot' build argument 'cmake_target' from command line to 'None'
[0.434s] Level 5:colcon.colcon_core.verb:set package 'my_bot' build argument 'cmake_target_skip_unavailable' from command line to 'False'
[0.435s] Level 5:colcon.colcon_core.verb:set package 'my_bot' build argument 'cmake_clean_cache' from command line to 'False'
[0.435s] Level 5:colcon.colcon_core.verb:set package 'my_bot' build argument 'cmake_clean_first' from command line to 'False'
[0.435s] Level 5:colcon.colcon_core.verb:set package 'my_bot' build argument 'cmake_force_configure' from command line to 'False'
[0.435s] Level 5:colcon.colcon_core.verb:set package 'my_bot' build argument 'ament_cmake_args' from command line to 'None'
[0.435s] Level 5:colcon.colcon_core.verb:set package 'my_bot' build argument 'catkin_cmake_args' from command line to 'None'
[0.435s] Level 5:colcon.colcon_core.verb:set package 'my_bot' build argument 'catkin_skip_building_tests' from command line to 'False'
[0.435s] DEBUG:colcon.colcon_core.verb:Building package 'my_bot' with the following arguments: {'ament_cmake_args': None, 'build_base': '/mnt/d/code/Major-Project/ros_ws/build/my_bot', 'catkin_cmake_args': None, 'catkin_skip_building_tests': False, 'cmake_args': None, 'cmake_clean_cache': False, 'cmake_clean_first': False, 'cmake_force_configure': False, 'cmake_target': None, 'cmake_target_skip_unavailable': False, 'install_base': '/mnt/d/code/Major-Project/ros_ws/install/my_bot', 'merge_install': False, 'path': '/mnt/d/code/Major-Project/ros_ws/src/my_bot', 'symlink_install': False, 'test_result_base': None}
[0.436s] INFO:colcon.colcon_core.executor:Executing jobs using 'parallel' executor
[0.437s] DEBUG:colcon.colcon_parallel_executor.executor.parallel:run_until_complete
[0.437s] INFO:colcon.colcon_ros.task.ament_cmake.build:Building ROS package in '/mnt/d/code/Major-Project/ros_ws/src/my_bot' with build type 'ament_cmake'
[0.437s] INFO:colcon.colcon_cmake.task.cmake.build:Building CMake package in '/mnt/d/code/Major-Project/ros_ws/src/my_bot'
[0.440s] INFO:colcon.colcon_core.plugin_system:Skipping extension 'colcon_core.shell.bat': Not used on non-Windows systems
[0.440s] INFO:colcon.colcon_core.shell:Skip shell extension 'powershell' for command environment: Not usable outside of PowerShell
[0.441s] DEBUG:colcon.colcon_core.shell:Skip shell extension 'dsv' for command environment
[0.551s] DEBUG:colcon.colcon_core.event_handler.log_command:Invoking command in '/mnt/d/code/Major-Project/ros_ws/build/my_bot': CMAKE_PREFIX_PATH=${CMAKE_PREFIX_PATH}:/opt/ros/humble /usr/bin/cmake /mnt/d/code/Major-Project/ros_ws/src/my_bot -DCMAKE_INSTALL_PREFIX=/mnt/d/code/Major-Project/ros_ws/install/my_bot
[9.832s] DEBUG:colcon.colcon_core.event_handler.log_command:Invoked command in '/mnt/d/code/Major-Project/ros_ws/build/my_bot' returned '0': CMAKE_PREFIX_PATH=${CMAKE_PREFIX_PATH}:/opt/ros/humble /usr/bin/cmake /mnt/d/code/Major-Project/ros_ws/src/my_bot -DCMAKE_INSTALL_PREFIX=/mnt/d/code/Major-Project/ros_ws/install/my_bot
[9.840s] DEBUG:colcon.colcon_core.event_handler.log_command:Invoking command in '/mnt/d/code/Major-Project/ros_ws/build/my_bot': CMAKE_PREFIX_PATH=${CMAKE_PREFIX_PATH}:/opt/ros/humble /usr/bin/cmake --build /mnt/d/code/Major-Project/ros_ws/build/my_bot -- -j7 -l7
[9.911s] DEBUG:colcon.colcon_core.event_handler.log_command:Invoked command in '/mnt/d/code/Major-Project/ros_ws/build/my_bot' returned '0': CMAKE_PREFIX_PATH=${CMAKE_PREFIX_PATH}:/opt/ros/humble /usr/bin/cmake --build /mnt/d/code/Major-Project/ros_ws/build/my_bot -- -j7 -l7
[9.931s] DEBUG:colcon.colcon_core.event_handler.log_command:Invoking command in '/mnt/d/code/Major-Project/ros_ws/build/my_bot': CMAKE_PREFIX_PATH=${CMAKE_PREFIX_PATH}:/opt/ros/humble /usr/bin/cmake --install /mnt/d/code/Major-Project/ros_ws/build/my_bot
[10.861s] Level 1:colcon.colcon_core.environment:create_environment_scripts_only(my_bot)
[10.862s] DEBUG:colcon.colcon_core.event_handler.log_command:Invoked command in '/mnt/d/code/Major-Project/ros_ws/build/my_bot' returned '0': CMAKE_PREFIX_PATH=${CMAKE_PREFIX_PATH}:/opt/ros/humble /usr/bin/cmake --install /mnt/d/code/Major-Project/ros_ws/build/my_bot
[10.863s] Level 1:colcon.colcon_core.environment:checking '/mnt/d/code/Major-Project/ros_ws/install/my_bot' for CMake module files
[10.909s] Level 1:colcon.colcon_core.environment:checking '/mnt/d/code/Major-Project/ros_ws/install/my_bot' for CMake config files
[10.939s] Level 1:colcon.colcon_core.shell:create_environment_hook('my_bot', 'cmake_prefix_path')
[10.940s] INFO:colcon.colcon_core.shell:Creating environment hook '/mnt/d/code/Major-Project/ros_ws/install/my_bot/share/my_bot/hook/cmake_prefix_path.ps1'
[10.948s] INFO:colcon.colcon_core.shell:Creating environment descriptor '/mnt/d/code/Major-Project/ros_ws/install/my_bot/share/my_bot/hook/cmake_prefix_path.dsv'
[10.957s] INFO:colcon.colcon_core.shell:Creating environment hook '/mnt/d/code/Major-Project/ros_ws/install/my_bot/share/my_bot/hook/cmake_prefix_path.sh'
[10.969s] Level 1:colcon.colcon_core.environment:checking '/mnt/d/code/Major-Project/ros_ws/install/my_bot/bin'
[10.970s] Level 1:colcon.colcon_core.environment:checking '/mnt/d/code/Major-Project/ros_ws/install/my_bot/lib/pkgconfig/my_bot.pc'
[10.971s] Level 1:colcon.colcon_core.environment:checking '/mnt/d/code/Major-Project/ros_ws/install/my_bot/lib/python3.10/site-packages'
[10.972s] Level 1:colcon.colcon_core.environment:checking '/mnt/d/code/Major-Project/ros_ws/install/my_bot/bin'
[10.973s] INFO:colcon.colcon_core.shell:Creating package script '/mnt/d/code/Major-Project/ros_ws/install/my_bot/share/my_bot/package.ps1'
[10.982s] INFO:colcon.colcon_core.shell:Creating package descriptor '/mnt/d/code/Major-Project/ros_ws/install/my_bot/share/my_bot/package.dsv'
[10.990s] INFO:colcon.colcon_core.shell:Creating package script '/mnt/d/code/Major-Project/ros_ws/install/my_bot/share/my_bot/package.sh'
[10.998s] INFO:colcon.colcon_core.shell:Creating package script '/mnt/d/code/Major-Project/ros_ws/install/my_bot/share/my_bot/package.bash'
[11.006s] INFO:colcon.colcon_core.shell:Creating package script '/mnt/d/code/Major-Project/ros_ws/install/my_bot/share/my_bot/package.zsh'
[11.018s] Level 1:colcon.colcon_core.environment:create_file_with_runtime_dependencies(/mnt/d/code/Major-Project/ros_ws/install/my_bot/share/colcon-core/packages/my_bot)
[11.037s] Level 1:colcon.colcon_core.environment:create_environment_scripts_only(my_bot)
[11.037s] Level 1:colcon.colcon_core.environment:checking '/mnt/d/code/Major-Project/ros_ws/install/my_bot' for CMake module files
[11.084s] Level 1:colcon.colcon_core.environment:checking '/mnt/d/code/Major-Project/ros_ws/install/my_bot' for CMake config files
[11.118s] Level 1:colcon.colcon_core.shell:create_environment_hook('my_bot', 'cmake_prefix_path')
[11.118s] INFO:colcon.colcon_core.shell:Creating environment hook '/mnt/d/code/Major-Project/ros_ws/install/my_bot/share/my_bot/hook/cmake_prefix_path.ps1'
[11.127s] INFO:colcon.colcon_core.shell:Creating environment descriptor '/mnt/d/code/Major-Project/ros_ws/install/my_bot/share/my_bot/hook/cmake_prefix_path.dsv'
[11.135s] INFO:colcon.colcon_core.shell:Creating environment hook '/mnt/d/code/Major-Project/ros_ws/install/my_bot/share/my_bot/hook/cmake_prefix_path.sh'
[11.146s] Level 1:colcon.colcon_core.environment:checking '/mnt/d/code/Major-Project/ros_ws/install/my_bot/bin'
[11.146s] Level 1:colcon.colcon_core.environment:checking '/mnt/d/code/Major-Project/ros_ws/install/my_bot/lib/pkgconfig/my_bot.pc'
[11.147s] Level 1:colcon.colcon_core.environment:checking '/mnt/d/code/Major-Project/ros_ws/install/my_bot/lib/python3.10/site-packages'
[11.148s] Level 1:colcon.colcon_core.environment:checking '/mnt/d/code/Major-Project/ros_ws/install/my_bot/bin'
[11.149s] INFO:colcon.colcon_core.shell:Creating package script '/mnt/d/code/Major-Project/ros_ws/install/my_bot/share/my_bot/package.ps1'
[11.156s] INFO:colcon.colcon_core.shell:Creating package descriptor '/mnt/d/code/Major-Project/ros_ws/install/my_bot/share/my_bot/package.dsv'
[11.163s] INFO:colcon.colcon_core.shell:Creating package script '/mnt/d/code/Major-Project/ros_ws/install/my_bot/share/my_bot/package.sh'
[11.169s] INFO:colcon.colcon_core.shell:Creating package script '/mnt/d/code/Major-Project/ros_ws/install/my_bot/share/my_bot/package.bash'
[11.176s] INFO:colcon.colcon_core.shell:Creating package script '/mnt/d/code/Major-Project/ros_ws/install/my_bot/share/my_bot/package.zsh'
[11.184s] Level 1:colcon.colcon_core.environment:create_file_with_runtime_dependencies(/mnt/d/code/Major-Project/ros_ws/install/my_bot/share/colcon-core/packages/my_bot)
[11.190s] DEBUG:colcon.colcon_parallel_executor.executor.parallel:closing loop
[11.190s] DEBUG:colcon.colcon_parallel_executor.executor.parallel:loop closed
[11.190s] DEBUG:colcon.colcon_parallel_executor.executor.parallel:run_until_complete finished with '0'
[11.191s] DEBUG:colcon.colcon_core.event_reactor:joining thread
[11.205s] INFO:colcon.colcon_core.plugin_system:Skipping extension 'colcon_notification.desktop_notification.terminal_notifier': Not used on non-Darwin systems
[11.205s] INFO:colcon.colcon_core.plugin_system:Skipping extension 'colcon_notification.desktop_notification.win32': Not used on non-Windows systems
[11.205s] INFO:colcon.colcon_notification.desktop_notification:Sending desktop notification using 'notify2'
[11.206s] DEBUG:colcon.colcon_notification.desktop_notification.notify2:Failed to initialize notify2: org.freedesktop.DBus.Error.FileNotFound: Failed to connect to socket /run/user/1000/bus: No such file or directory
[11.206s] DEBUG:colcon.colcon_core.event_reactor:joined thread
[11.206s] INFO:colcon.colcon_core.shell:Creating prefix script '/mnt/d/code/Major-Project/ros_ws/install/local_setup.ps1'
[11.212s] INFO:colcon.colcon_core.shell:Creating prefix util module '/mnt/d/code/Major-Project/ros_ws/install/_local_setup_util_ps1.py'
[11.218s] INFO:colcon.colcon_core.shell:Creating prefix chain script '/mnt/d/code/Major-Project/ros_ws/install/setup.ps1'
[11.229s] INFO:colcon.colcon_core.shell:Creating prefix script '/mnt/d/code/Major-Project/ros_ws/install/local_setup.sh'
[11.234s] INFO:colcon.colcon_core.shell:Creating prefix util module '/mnt/d/code/Major-Project/ros_ws/install/_local_setup_util_sh.py'
[11.238s] INFO:colcon.colcon_core.shell:Creating prefix chain script '/mnt/d/code/Major-Project/ros_ws/install/setup.sh'
[11.248s] INFO:colcon.colcon_core.shell:Creating prefix script '/mnt/d/code/Major-Project/ros_ws/install/local_setup.bash'
[11.252s] INFO:colcon.colcon_core.shell:Creating prefix chain script '/mnt/d/code/Major-Project/ros_ws/install/setup.bash'
[11.261s] INFO:colcon.colcon_core.shell:Creating prefix script '/mnt/d/code/Major-Project/ros_ws/install/local_setup.zsh'
[11.264s] INFO:colcon.colcon_core.shell:Creating prefix chain script '/mnt/d/code/Major-Project/ros_ws/install/setup.zsh'
