[0.118s] DEBUG:colcon:Command line arguments: ['/usr/bin/colcon', 'build', '--symlink-install']
[0.118s] DEBUG:colcon:Parsed command line arguments: Namespace(log_base=None, log_level=None, verb_name='build', build_base='build', install_base='install', merge_install=False, symlink_install=True, test_result_base=None, continue_on_error=False, executor='parallel', parallel_workers=7, event_handlers=None, ignore_user_meta=False, metas=['./colcon.meta'], base_paths=['.'], packages_ignore=None, packages_ignore_regex=None, paths=None, packages_up_to=None, packages_up_to_regex=None, packages_above=None, packages_above_and_dependencies=None, packages_above_depth=None, packages_select_by_dep=None, packages_skip_by_dep=None, packages_skip_up_to=None, packages_select_build_failed=False, packages_skip_build_finished=False, packages_select_test_failures=False, packages_skip_test_passed=False, packages_select=None, packages_skip=None, packages_select_regex=None, packages_skip_regex=None, packages_start=None, packages_end=None, allow_overriding=[], cmake_args=None, cmake_target=None, cmake_target_skip_unavailable=False, cmake_clean_cache=False, cmake_clean_first=False, cmake_force_configure=False, ament_cmake_args=None, catkin_cmake_args=None, catkin_skip_building_tests=False, mixin_files=None, mixin=None, verb_parser=<colcon_mixin.mixin.mixin_argument.MixinArgumentDecorator object at 0x7e1e2a451900>, verb_extension=<colcon_core.verb.build.BuildVerb object at 0x7e1e2a451450>, main=<bound method BuildVerb.main of <colcon_core.verb.build.BuildVerb object at 0x7e1e2a451450>>, mixin_verb=('build',))
[0.240s] Level 1:colcon.colcon_core.package_discovery:discover_packages(colcon_meta) check parameters
[0.241s] Level 1:colcon.colcon_core.package_discovery:discover_packages(recursive) check parameters
[0.242s] Level 1:colcon.colcon_core.package_discovery:discover_packages(ignore) check parameters
[0.242s] Level 1:colcon.colcon_core.package_discovery:discover_packages(path) check parameters
[0.242s] Level 1:colcon.colcon_core.package_discovery:discover_packages(colcon_meta) discover
[0.243s] Level 1:colcon.colcon_core.package_discovery:discover_packages(recursive) discover
[0.243s] INFO:colcon.colcon_core.package_discovery:Crawling recursively for packages in '/mnt/d/code/Major-Project/ros_ws'
[0.246s] Level 1:colcon.colcon_core.package_identification:_identify(.) by extensions ['ignore', 'ignore_ament_install']
[0.246s] Level 1:colcon.colcon_core.package_identification:_identify(.) by extension 'ignore'
[0.247s] Level 1:colcon.colcon_core.package_identification:_identify(.) by extension 'ignore_ament_install'
[0.247s] Level 1:colcon.colcon_core.package_identification:_identify(.) by extensions ['colcon_pkg']
[0.248s] Level 1:colcon.colcon_core.package_identification:_identify(.) by extension 'colcon_pkg'
[0.248s] Level 1:colcon.colcon_core.package_identification:_identify(.) by extensions ['colcon_meta']
[0.249s] Level 1:colcon.colcon_core.package_identification:_identify(.) by extension 'colcon_meta'
[0.249s] Level 1:colcon.colcon_core.package_identification:_identify(.) by extensions ['ros']
[0.249s] Level 1:colcon.colcon_core.package_identification:_identify(.) by extension 'ros'
[0.261s] Level 1:colcon.colcon_core.package_identification:_identify(.) by extensions ['cmake', 'python']
[0.261s] Level 1:colcon.colcon_core.package_identification:_identify(.) by extension 'cmake'
[0.262s] Level 1:colcon.colcon_core.package_identification:_identify(.) by extension 'python'
[0.262s] Level 1:colcon.colcon_core.package_identification:_identify(.) by extensions ['python_setup_py']
[0.263s] Level 1:colcon.colcon_core.package_identification:_identify(.) by extension 'python_setup_py'
[0.265s] Level 1:colcon.colcon_core.package_identification:_identify(build) by extensions ['ignore', 'ignore_ament_install']
[0.265s] Level 1:colcon.colcon_core.package_identification:_identify(build) by extension 'ignore'
[0.266s] Level 1:colcon.colcon_core.package_identification:_identify(build) ignored
[0.268s] Level 1:colcon.colcon_core.package_identification:_identify(install) by extensions ['ignore', 'ignore_ament_install']
[0.269s] Level 1:colcon.colcon_core.package_identification:_identify(install) by extension 'ignore'
[0.270s] Level 1:colcon.colcon_core.package_identification:_identify(install) ignored
[0.272s] Level 1:colcon.colcon_core.package_identification:_identify(log) by extensions ['ignore', 'ignore_ament_install']
[0.273s] Level 1:colcon.colcon_core.package_identification:_identify(log) by extension 'ignore'
[0.273s] Level 1:colcon.colcon_core.package_identification:_identify(log) ignored
[0.275s] Level 1:colcon.colcon_core.package_identification:_identify(src) by extensions ['ignore', 'ignore_ament_install']
[0.276s] Level 1:colcon.colcon_core.package_identification:_identify(src) by extension 'ignore'
[0.276s] Level 1:colcon.colcon_core.package_identification:_identify(src) by extension 'ignore_ament_install'
[0.277s] Level 1:colcon.colcon_core.package_identification:_identify(src) by extensions ['colcon_pkg']
[0.277s] Level 1:colcon.colcon_core.package_identification:_identify(src) by extension 'colcon_pkg'
[0.278s] Level 1:colcon.colcon_core.package_identification:_identify(src) by extensions ['colcon_meta']
[0.278s] Level 1:colcon.colcon_core.package_identification:_identify(src) by extension 'colcon_meta'
[0.278s] Level 1:colcon.colcon_core.package_identification:_identify(src) by extensions ['ros']
[0.279s] Level 1:colcon.colcon_core.package_identification:_identify(src) by extension 'ros'
[0.280s] Level 1:colcon.colcon_core.package_identification:_identify(src) by extensions ['cmake', 'python']
[0.280s] Level 1:colcon.colcon_core.package_identification:_identify(src) by extension 'cmake'
[0.281s] Level 1:colcon.colcon_core.package_identification:_identify(src) by extension 'python'
[0.281s] Level 1:colcon.colcon_core.package_identification:_identify(src) by extensions ['python_setup_py']
[0.281s] Level 1:colcon.colcon_core.package_identification:_identify(src) by extension 'python_setup_py'
[0.284s] Level 1:colcon.colcon_core.package_identification:_identify(src/my_bot) by extensions ['ignore', 'ignore_ament_install']
[0.284s] Level 1:colcon.colcon_core.package_identification:_identify(src/my_bot) by extension 'ignore'
[0.285s] Level 1:colcon.colcon_core.package_identification:_identify(src/my_bot) by extension 'ignore_ament_install'
[0.286s] Level 1:colcon.colcon_core.package_identification:_identify(src/my_bot) by extensions ['colcon_pkg']
[0.286s] Level 1:colcon.colcon_core.package_identification:_identify(src/my_bot) by extension 'colcon_pkg'
[0.287s] Level 1:colcon.colcon_core.package_identification:_identify(src/my_bot) by extensions ['colcon_meta']
[0.287s] Level 1:colcon.colcon_core.package_identification:_identify(src/my_bot) by extension 'colcon_meta'
[0.289s] Level 1:colcon.colcon_core.package_identification:_identify(src/my_bot) by extensions ['ros']
[0.289s] Level 1:colcon.colcon_core.package_identification:_identify(src/my_bot) by extension 'ros'
[0.297s] DEBUG:colcon.colcon_core.package_identification:Package 'src/my_bot' with type 'ros.ament_cmake' and name 'my_bot'
[0.297s] Level 1:colcon.colcon_core.package_discovery:discover_packages(recursive) using defaults
[0.297s] Level 1:colcon.colcon_core.package_discovery:discover_packages(ignore) discover
[0.297s] Level 1:colcon.colcon_core.package_discovery:discover_packages(ignore) using defaults
[0.297s] Level 1:colcon.colcon_core.package_discovery:discover_packages(path) discover
[0.297s] Level 1:colcon.colcon_core.package_discovery:discover_packages(path) using defaults
[0.328s] Level 1:colcon.colcon_core.package_discovery:discover_packages(prefix_path) check parameters
[0.328s] Level 1:colcon.colcon_core.package_discovery:discover_packages(prefix_path) discover
[0.331s] WARNING:colcon.colcon_ros.prefix_path.ament:The path '/mnt/d/code/Major-Project/ros_ws/install/my_bot' in the environment variable AMENT_PREFIX_PATH doesn't exist
[0.332s] WARNING:colcon.colcon_ros.prefix_path.catkin:The path '/mnt/d/code/Major-Project/ros_ws/install/my_bot' in the environment variable CMAKE_PREFIX_PATH doesn't exist
[0.338s] DEBUG:colcon.colcon_installed_package_information.package_discovery:Found 0 installed packages in /mnt/d/code/Major-Project/ros_ws/install
[0.339s] DEBUG:colcon.colcon_installed_package_information.package_discovery:Found 278 installed packages in /opt/ros/humble
[0.341s] Level 1:colcon.colcon_core.package_discovery:discover_packages(prefix_path) using defaults
[0.372s] Level 5:colcon.colcon_core.verb:set package 'my_bot' build argument 'cmake_args' from command line to 'None'
[0.372s] Level 5:colcon.colcon_core.verb:set package 'my_bot' build argument 'cmake_target' from command line to 'None'
[0.373s] Level 5:colcon.colcon_core.verb:set package 'my_bot' build argument 'cmake_target_skip_unavailable' from command line to 'False'
[0.373s] Level 5:colcon.colcon_core.verb:set package 'my_bot' build argument 'cmake_clean_cache' from command line to 'False'
[0.375s] Level 5:colcon.colcon_core.verb:set package 'my_bot' build argument 'cmake_clean_first' from command line to 'False'
[0.375s] Level 5:colcon.colcon_core.verb:set package 'my_bot' build argument 'cmake_force_configure' from command line to 'False'
[0.375s] Level 5:colcon.colcon_core.verb:set package 'my_bot' build argument 'ament_cmake_args' from command line to 'None'
[0.376s] Level 5:colcon.colcon_core.verb:set package 'my_bot' build argument 'catkin_cmake_args' from command line to 'None'
[0.376s] Level 5:colcon.colcon_core.verb:set package 'my_bot' build argument 'catkin_skip_building_tests' from command line to 'False'
[0.377s] DEBUG:colcon.colcon_core.verb:Building package 'my_bot' with the following arguments: {'ament_cmake_args': None, 'build_base': '/mnt/d/code/Major-Project/ros_ws/build/my_bot', 'catkin_cmake_args': None, 'catkin_skip_building_tests': False, 'cmake_args': None, 'cmake_clean_cache': False, 'cmake_clean_first': False, 'cmake_force_configure': False, 'cmake_target': None, 'cmake_target_skip_unavailable': False, 'install_base': '/mnt/d/code/Major-Project/ros_ws/install/my_bot', 'merge_install': False, 'path': '/mnt/d/code/Major-Project/ros_ws/src/my_bot', 'symlink_install': True, 'test_result_base': None}
[0.377s] INFO:colcon.colcon_core.executor:Executing jobs using 'parallel' executor
[0.379s] DEBUG:colcon.colcon_parallel_executor.executor.parallel:run_until_complete
[0.379s] INFO:colcon.colcon_ros.task.ament_cmake.build:Building ROS package in '/mnt/d/code/Major-Project/ros_ws/src/my_bot' with build type 'ament_cmake'
[0.379s] INFO:colcon.colcon_cmake.task.cmake.build:Building CMake package in '/mnt/d/code/Major-Project/ros_ws/src/my_bot'
[0.383s] INFO:colcon.colcon_core.plugin_system:Skipping extension 'colcon_core.shell.bat': Not used on non-Windows systems
[0.383s] INFO:colcon.colcon_core.shell:Skip shell extension 'powershell' for command environment: Not usable outside of PowerShell
[0.384s] DEBUG:colcon.colcon_core.shell:Skip shell extension 'dsv' for command environment
[0.444s] DEBUG:colcon.colcon_core.event_handler.log_command:Invoking command in '/mnt/d/code/Major-Project/ros_ws/build/my_bot': CMAKE_PREFIX_PATH=${CMAKE_PREFIX_PATH}:/opt/ros/humble /usr/bin/cmake /mnt/d/code/Major-Project/ros_ws/src/my_bot -DAMENT_CMAKE_SYMLINK_INSTALL=1 -DCMAKE_INSTALL_PREFIX=/mnt/d/code/Major-Project/ros_ws/install/my_bot
[8.564s] DEBUG:colcon.colcon_core.event_handler.log_command:Invoked command in '/mnt/d/code/Major-Project/ros_ws/build/my_bot' returned '0': CMAKE_PREFIX_PATH=${CMAKE_PREFIX_PATH}:/opt/ros/humble /usr/bin/cmake /mnt/d/code/Major-Project/ros_ws/src/my_bot -DAMENT_CMAKE_SYMLINK_INSTALL=1 -DCMAKE_INSTALL_PREFIX=/mnt/d/code/Major-Project/ros_ws/install/my_bot
[8.573s] DEBUG:colcon.colcon_core.event_handler.log_command:Invoking command in '/mnt/d/code/Major-Project/ros_ws/build/my_bot': CMAKE_PREFIX_PATH=${CMAKE_PREFIX_PATH}:/opt/ros/humble /usr/bin/cmake --build /mnt/d/code/Major-Project/ros_ws/build/my_bot -- -j7 -l7
[8.655s] DEBUG:colcon.colcon_core.event_handler.log_command:Invoked command in '/mnt/d/code/Major-Project/ros_ws/build/my_bot' returned '0': CMAKE_PREFIX_PATH=${CMAKE_PREFIX_PATH}:/opt/ros/humble /usr/bin/cmake --build /mnt/d/code/Major-Project/ros_ws/build/my_bot -- -j7 -l7
[8.679s] DEBUG:colcon.colcon_core.event_handler.log_command:Invoking command in '/mnt/d/code/Major-Project/ros_ws/build/my_bot': CMAKE_PREFIX_PATH=${CMAKE_PREFIX_PATH}:/opt/ros/humble /usr/bin/cmake --install /mnt/d/code/Major-Project/ros_ws/build/my_bot
[9.315s] Level 1:colcon.colcon_core.environment:create_environment_scripts_only(my_bot)
[9.317s] DEBUG:colcon.colcon_core.event_handler.log_command:Invoked command in '/mnt/d/code/Major-Project/ros_ws/build/my_bot' returned '0': CMAKE_PREFIX_PATH=${CMAKE_PREFIX_PATH}:/opt/ros/humble /usr/bin/cmake --install /mnt/d/code/Major-Project/ros_ws/build/my_bot
[9.318s] Level 1:colcon.colcon_core.environment:checking '/mnt/d/code/Major-Project/ros_ws/install/my_bot' for CMake module files
[9.369s] Level 1:colcon.colcon_core.environment:checking '/mnt/d/code/Major-Project/ros_ws/install/my_bot' for CMake config files
[9.417s] Level 1:colcon.colcon_core.shell:create_environment_hook('my_bot', 'cmake_prefix_path')
[9.418s] INFO:colcon.colcon_core.shell:Creating environment hook '/mnt/d/code/Major-Project/ros_ws/install/my_bot/share/my_bot/hook/cmake_prefix_path.ps1'
[9.426s] INFO:colcon.colcon_core.shell:Creating environment descriptor '/mnt/d/code/Major-Project/ros_ws/install/my_bot/share/my_bot/hook/cmake_prefix_path.dsv'
[9.435s] INFO:colcon.colcon_core.shell:Creating environment hook '/mnt/d/code/Major-Project/ros_ws/install/my_bot/share/my_bot/hook/cmake_prefix_path.sh'
[9.448s] Level 1:colcon.colcon_core.environment:checking '/mnt/d/code/Major-Project/ros_ws/install/my_bot/bin'
[9.449s] Level 1:colcon.colcon_core.environment:checking '/mnt/d/code/Major-Project/ros_ws/install/my_bot/lib/pkgconfig/my_bot.pc'
[9.450s] Level 1:colcon.colcon_core.environment:checking '/mnt/d/code/Major-Project/ros_ws/install/my_bot/lib/python3.10/site-packages'
[9.451s] Level 1:colcon.colcon_core.environment:checking '/mnt/d/code/Major-Project/ros_ws/install/my_bot/bin'
[9.452s] INFO:colcon.colcon_core.shell:Creating package script '/mnt/d/code/Major-Project/ros_ws/install/my_bot/share/my_bot/package.ps1'
[9.459s] INFO:colcon.colcon_core.shell:Creating package descriptor '/mnt/d/code/Major-Project/ros_ws/install/my_bot/share/my_bot/package.dsv'
[9.469s] INFO:colcon.colcon_core.shell:Creating package script '/mnt/d/code/Major-Project/ros_ws/install/my_bot/share/my_bot/package.sh'
[9.477s] INFO:colcon.colcon_core.shell:Creating package script '/mnt/d/code/Major-Project/ros_ws/install/my_bot/share/my_bot/package.bash'
[9.486s] INFO:colcon.colcon_core.shell:Creating package script '/mnt/d/code/Major-Project/ros_ws/install/my_bot/share/my_bot/package.zsh'
[9.496s] Level 1:colcon.colcon_core.environment:create_file_with_runtime_dependencies(/mnt/d/code/Major-Project/ros_ws/install/my_bot/share/colcon-core/packages/my_bot)
[9.512s] Level 1:colcon.colcon_core.environment:create_environment_scripts_only(my_bot)
[9.513s] Level 1:colcon.colcon_core.environment:checking '/mnt/d/code/Major-Project/ros_ws/install/my_bot' for CMake module files
[9.578s] Level 1:colcon.colcon_core.environment:checking '/mnt/d/code/Major-Project/ros_ws/install/my_bot' for CMake config files
[9.638s] Level 1:colcon.colcon_core.shell:create_environment_hook('my_bot', 'cmake_prefix_path')
[9.638s] INFO:colcon.colcon_core.shell:Creating environment hook '/mnt/d/code/Major-Project/ros_ws/install/my_bot/share/my_bot/hook/cmake_prefix_path.ps1'
[9.647s] INFO:colcon.colcon_core.shell:Creating environment descriptor '/mnt/d/code/Major-Project/ros_ws/install/my_bot/share/my_bot/hook/cmake_prefix_path.dsv'
[9.656s] INFO:colcon.colcon_core.shell:Creating environment hook '/mnt/d/code/Major-Project/ros_ws/install/my_bot/share/my_bot/hook/cmake_prefix_path.sh'
[9.667s] Level 1:colcon.colcon_core.environment:checking '/mnt/d/code/Major-Project/ros_ws/install/my_bot/bin'
[9.669s] Level 1:colcon.colcon_core.environment:checking '/mnt/d/code/Major-Project/ros_ws/install/my_bot/lib/pkgconfig/my_bot.pc'
[9.670s] Level 1:colcon.colcon_core.environment:checking '/mnt/d/code/Major-Project/ros_ws/install/my_bot/lib/python3.10/site-packages'
[9.671s] Level 1:colcon.colcon_core.environment:checking '/mnt/d/code/Major-Project/ros_ws/install/my_bot/bin'
[9.672s] INFO:colcon.colcon_core.shell:Creating package script '/mnt/d/code/Major-Project/ros_ws/install/my_bot/share/my_bot/package.ps1'
[9.680s] INFO:colcon.colcon_core.shell:Creating package descriptor '/mnt/d/code/Major-Project/ros_ws/install/my_bot/share/my_bot/package.dsv'
[9.688s] INFO:colcon.colcon_core.shell:Creating package script '/mnt/d/code/Major-Project/ros_ws/install/my_bot/share/my_bot/package.sh'
[9.696s] INFO:colcon.colcon_core.shell:Creating package script '/mnt/d/code/Major-Project/ros_ws/install/my_bot/share/my_bot/package.bash'
[9.704s] INFO:colcon.colcon_core.shell:Creating package script '/mnt/d/code/Major-Project/ros_ws/install/my_bot/share/my_bot/package.zsh'
[9.711s] Level 1:colcon.colcon_core.environment:create_file_with_runtime_dependencies(/mnt/d/code/Major-Project/ros_ws/install/my_bot/share/colcon-core/packages/my_bot)
[9.718s] DEBUG:colcon.colcon_parallel_executor.executor.parallel:closing loop
[9.719s] DEBUG:colcon.colcon_parallel_executor.executor.parallel:loop closed
[9.720s] DEBUG:colcon.colcon_parallel_executor.executor.parallel:run_until_complete finished with '0'
[9.720s] DEBUG:colcon.colcon_core.event_reactor:joining thread
[9.733s] INFO:colcon.colcon_core.plugin_system:Skipping extension 'colcon_notification.desktop_notification.terminal_notifier': Not used on non-Darwin systems
[9.733s] INFO:colcon.colcon_core.plugin_system:Skipping extension 'colcon_notification.desktop_notification.win32': Not used on non-Windows systems
[9.734s] INFO:colcon.colcon_notification.desktop_notification:Sending desktop notification using 'notify2'
[9.734s] DEBUG:colcon.colcon_notification.desktop_notification.notify2:Failed to initialize notify2: org.freedesktop.DBus.Error.FileNotFound: Failed to connect to socket /run/user/1000/bus: No such file or directory
[9.735s] DEBUG:colcon.colcon_core.event_reactor:joined thread
[9.736s] INFO:colcon.colcon_core.shell:Creating prefix script '/mnt/d/code/Major-Project/ros_ws/install/local_setup.ps1'
[9.742s] INFO:colcon.colcon_core.shell:Creating prefix util module '/mnt/d/code/Major-Project/ros_ws/install/_local_setup_util_ps1.py'
[9.746s] INFO:colcon.colcon_core.shell:Creating prefix chain script '/mnt/d/code/Major-Project/ros_ws/install/setup.ps1'
[9.757s] INFO:colcon.colcon_core.shell:Creating prefix script '/mnt/d/code/Major-Project/ros_ws/install/local_setup.sh'
[9.761s] INFO:colcon.colcon_core.shell:Creating prefix util module '/mnt/d/code/Major-Project/ros_ws/install/_local_setup_util_sh.py'
[9.766s] INFO:colcon.colcon_core.shell:Creating prefix chain script '/mnt/d/code/Major-Project/ros_ws/install/setup.sh'
[9.777s] INFO:colcon.colcon_core.shell:Creating prefix script '/mnt/d/code/Major-Project/ros_ws/install/local_setup.bash'
[9.782s] INFO:colcon.colcon_core.shell:Creating prefix chain script '/mnt/d/code/Major-Project/ros_ws/install/setup.bash'
[9.794s] INFO:colcon.colcon_core.shell:Creating prefix script '/mnt/d/code/Major-Project/ros_ws/install/local_setup.zsh'
[9.798s] INFO:colcon.colcon_core.shell:Creating prefix chain script '/mnt/d/code/Major-Project/ros_ws/install/setup.zsh'
