[0.061s] Invoking command in '/mnt/d/code/Major-Project/ros_ws/build/my_bot': CMAKE_PREFIX_PATH=${CMAKE_PREFIX_PATH}:/opt/ros/humble /usr/bin/cmake --build /mnt/d/code/Major-Project/ros_ws/build/my_bot -- -j7 -l7
[0.126s] Invoked command in '/mnt/d/code/Major-Project/ros_ws/build/my_bot' returned '0': CMAKE_PREFIX_PATH=${CMAKE_PREFIX_PATH}:/opt/ros/humble /usr/bin/cmake --build /mnt/d/code/Major-Project/ros_ws/build/my_bot -- -j7 -l7
[0.147s] Invoking command in '/mnt/d/code/Major-Project/ros_ws/build/my_bot': CMAKE_PREFIX_PATH=${CMAKE_PREFIX_PATH}:/opt/ros/humble /usr/bin/cmake --install /mnt/d/code/Major-Project/ros_ws/build/my_bot
[0.155s] -- Install configuration: ""
[0.162s] -- Execute custom install script
[0.192s] -- Up-to-date symlink: /mnt/d/code/Major-Project/ros_ws/install/my_bot/share/my_bot/config/empty.yaml
[0.221s] -- Up-to-date symlink: /mnt/d/code/Major-Project/ros_ws/install/my_bot/share/my_bot/description/robot.urdf.xacro
[0.246s] -- Up-to-date symlink: /mnt/d/code/Major-Project/ros_ws/install/my_bot/share/my_bot/launch/rsp.launch.py
[0.271s] -- Up-to-date symlink: /mnt/d/code/Major-Project/ros_ws/install/my_bot/share/my_bot/worlds/empty.world
[0.304s] -- Up-to-date symlink: /mnt/d/code/Major-Project/ros_ws/install/my_bot/share/ament_index/resource_index/package_run_dependencies/my_bot
[0.334s] -- Up-to-date symlink: /mnt/d/code/Major-Project/ros_ws/install/my_bot/share/ament_index/resource_index/parent_prefix_path/my_bot
[0.347s] -- Up-to-date symlink: /mnt/d/code/Major-Project/ros_ws/install/my_bot/share/my_bot/environment/ament_prefix_path.sh
[0.364s] -- Up-to-date symlink: /mnt/d/code/Major-Project/ros_ws/install/my_bot/share/my_bot/environment/ament_prefix_path.dsv
[0.377s] -- Up-to-date symlink: /mnt/d/code/Major-Project/ros_ws/install/my_bot/share/my_bot/environment/path.sh
[0.393s] -- Up-to-date symlink: /mnt/d/code/Major-Project/ros_ws/install/my_bot/share/my_bot/environment/path.dsv
[0.407s] -- Up-to-date symlink: /mnt/d/code/Major-Project/ros_ws/install/my_bot/share/my_bot/local_setup.bash
[0.421s] -- Up-to-date symlink: /mnt/d/code/Major-Project/ros_ws/install/my_bot/share/my_bot/local_setup.sh
[0.436s] -- Up-to-date symlink: /mnt/d/code/Major-Project/ros_ws/install/my_bot/share/my_bot/local_setup.zsh
[0.448s] -- Up-to-date symlink: /mnt/d/code/Major-Project/ros_ws/install/my_bot/share/my_bot/local_setup.dsv
[0.455s] -- Symlinking: /mnt/d/code/Major-Project/ros_ws/install/my_bot/share/my_bot/package.dsv
[0.508s] -- Up-to-date symlink: /mnt/d/code/Major-Project/ros_ws/install/my_bot/share/ament_index/resource_index/packages/my_bot
[0.524s] -- Up-to-date symlink: /mnt/d/code/Major-Project/ros_ws/install/my_bot/share/my_bot/cmake/my_botConfig.cmake
[0.538s] -- Up-to-date symlink: /mnt/d/code/Major-Project/ros_ws/install/my_bot/share/my_bot/cmake/my_botConfig-version.cmake
[0.554s] -- Up-to-date symlink: /mnt/d/code/Major-Project/ros_ws/install/my_bot/share/my_bot/package.xml
[0.559s] Invoked command in '/mnt/d/code/Major-Project/ros_ws/build/my_bot' returned '0': CMAKE_PREFIX_PATH=${CMAKE_PREFIX_PATH}:/opt/ros/humble /usr/bin/cmake --install /mnt/d/code/Major-Project/ros_ws/build/my_bot
