[0.072s] Invoking command in '/mnt/d/code/Major-Project/ros_ws/build/my_bot': CMAKE_PREFIX_PATH=${CMAKE_PREFIX_PATH}:/opt/ros/humble /usr/bin/cmake /mnt/d/code/Major-Project/ros_ws/src/my_bot -DCMAKE_INSTALL_PREFIX=/mnt/d/code/Major-Project/ros_ws/install/my_bot
[0.112s] -- Found ament_cmake: 1.3.12 (/opt/ros/humble/share/ament_cmake/cmake)
[0.260s] -- Override CMake install command with custom implementation using symlinks instead of copying resources
[0.503s] -- Found ament_lint_auto: 0.12.14 (/opt/ros/humble/share/ament_lint_auto/cmake)
[0.971s] -- Added test 'copyright' to check source files copyright and LICENSE
[4.379s] -- Added test 'flake8' to check Python code syntax and style conventions
[4.767s] -- Added test 'lint_cmake' to check CMake code style
[4.964s] -- Added test 'pep257' to check Python code against some of the docstring style conventions in PEP 257
[6.695s] -- Added test 'xmllint' to check XML markup files
[6.763s] -- Configuring done
[6.952s] -- Generating done
[7.060s] -- Build files have been written to: /mnt/d/code/Major-Project/ros_ws/build/my_bot
[7.062s] Invoked command in '/mnt/d/code/Major-Project/ros_ws/build/my_bot' returned '0': CMAKE_PREFIX_PATH=${CMAKE_PREFIX_PATH}:/opt/ros/humble /usr/bin/cmake /mnt/d/code/Major-Project/ros_ws/src/my_bot -DCMAKE_INSTALL_PREFIX=/mnt/d/code/Major-Project/ros_ws/install/my_bot
[7.070s] Invoking command in '/mnt/d/code/Major-Project/ros_ws/build/my_bot': CMAKE_PREFIX_PATH=${CMAKE_PREFIX_PATH}:/opt/ros/humble /usr/bin/cmake --build /mnt/d/code/Major-Project/ros_ws/build/my_bot -- -j7 -l7
[7.082s] gmake: Warning: File 'Makefile' has modification time 0.16 s in the future
[7.129s] gmake[1]: Warning: File 'CMakeFiles/Makefile2' has modification time 0.17 s in the future
[7.129s] gmake[1]: warning:  Clock skew detected.  Your build may be incomplete.
[7.139s] gmake: warning:  Clock skew detected.  Your build may be incomplete.
[7.141s] Invoked command in '/mnt/d/code/Major-Project/ros_ws/build/my_bot' returned '0': CMAKE_PREFIX_PATH=${CMAKE_PREFIX_PATH}:/opt/ros/humble /usr/bin/cmake --build /mnt/d/code/Major-Project/ros_ws/build/my_bot -- -j7 -l7
[7.167s] Invoking command in '/mnt/d/code/Major-Project/ros_ws/build/my_bot': CMAKE_PREFIX_PATH=${CMAKE_PREFIX_PATH}:/opt/ros/humble /usr/bin/cmake --install /mnt/d/code/Major-Project/ros_ws/build/my_bot
[7.172s] -- Install configuration: ""
[7.177s] -- Execute custom install script
[7.198s] -- Up-to-date symlink: /mnt/d/code/Major-Project/ros_ws/install/my_bot/share/my_bot/config/empty.yaml
[7.222s] -- Up-to-date symlink: /mnt/d/code/Major-Project/ros_ws/install/my_bot/share/my_bot/description/robot.urdf.xacro
[7.249s] -- Up-to-date symlink: /mnt/d/code/Major-Project/ros_ws/install/my_bot/share/my_bot/launch/rsp.launch.py
[7.274s] -- Up-to-date symlink: /mnt/d/code/Major-Project/ros_ws/install/my_bot/share/my_bot/worlds/empty.world
[7.304s] -- Up-to-date symlink: /mnt/d/code/Major-Project/ros_ws/install/my_bot/share/ament_index/resource_index/package_run_dependencies/my_bot
[7.333s] -- Up-to-date symlink: /mnt/d/code/Major-Project/ros_ws/install/my_bot/share/ament_index/resource_index/parent_prefix_path/my_bot
[7.347s] -- Up-to-date symlink: /mnt/d/code/Major-Project/ros_ws/install/my_bot/share/my_bot/environment/ament_prefix_path.sh
[7.363s] -- Up-to-date symlink: /mnt/d/code/Major-Project/ros_ws/install/my_bot/share/my_bot/environment/ament_prefix_path.dsv
[7.375s] -- Up-to-date symlink: /mnt/d/code/Major-Project/ros_ws/install/my_bot/share/my_bot/environment/path.sh
[7.390s] -- Up-to-date symlink: /mnt/d/code/Major-Project/ros_ws/install/my_bot/share/my_bot/environment/path.dsv
[7.403s] -- Up-to-date symlink: /mnt/d/code/Major-Project/ros_ws/install/my_bot/share/my_bot/local_setup.bash
[7.415s] -- Up-to-date symlink: /mnt/d/code/Major-Project/ros_ws/install/my_bot/share/my_bot/local_setup.sh
[7.429s] -- Up-to-date symlink: /mnt/d/code/Major-Project/ros_ws/install/my_bot/share/my_bot/local_setup.zsh
[7.444s] -- Up-to-date symlink: /mnt/d/code/Major-Project/ros_ws/install/my_bot/share/my_bot/local_setup.dsv
[7.452s] -- Symlinking: /mnt/d/code/Major-Project/ros_ws/install/my_bot/share/my_bot/package.dsv
[7.503s] -- Up-to-date symlink: /mnt/d/code/Major-Project/ros_ws/install/my_bot/share/ament_index/resource_index/packages/my_bot
[7.519s] -- Up-to-date symlink: /mnt/d/code/Major-Project/ros_ws/install/my_bot/share/my_bot/cmake/my_botConfig.cmake
[7.533s] -- Up-to-date symlink: /mnt/d/code/Major-Project/ros_ws/install/my_bot/share/my_bot/cmake/my_botConfig-version.cmake
[7.551s] -- Up-to-date symlink: /mnt/d/code/Major-Project/ros_ws/install/my_bot/share/my_bot/package.xml
[7.555s] Invoked command in '/mnt/d/code/Major-Project/ros_ws/build/my_bot' returned '0': CMAKE_PREFIX_PATH=${CMAKE_PREFIX_PATH}:/opt/ros/humble /usr/bin/cmake --install /mnt/d/code/Major-Project/ros_ws/build/my_bot
