[0.127s] DEBUG:colcon:Command line arguments: ['/usr/bin/colcon', 'build']
[0.127s] DEBUG:colcon:Parsed command line arguments: Namespace(log_base=None, log_level=None, verb_name='build', build_base='build', install_base='install', merge_install=False, symlink_install=False, test_result_base=None, continue_on_error=False, executor='parallel', parallel_workers=7, event_handlers=None, ignore_user_meta=False, metas=['./colcon.meta'], base_paths=['.'], packages_ignore=None, packages_ignore_regex=None, paths=None, packages_up_to=None, packages_up_to_regex=None, packages_above=None, packages_above_and_dependencies=None, packages_above_depth=None, packages_select_by_dep=None, packages_skip_by_dep=None, packages_skip_up_to=None, packages_select_build_failed=False, packages_skip_build_finished=False, packages_select_test_failures=False, packages_skip_test_passed=False, packages_select=None, packages_skip=None, packages_select_regex=None, packages_skip_regex=None, packages_start=None, packages_end=None, allow_overriding=[], cmake_args=None, cmake_target=None, cmake_target_skip_unavailable=False, cmake_clean_cache=False, cmake_clean_first=False, cmake_force_configure=False, ament_cmake_args=None, catkin_cmake_args=None, catkin_skip_building_tests=False, mixin_files=None, mixin=None, verb_parser=<colcon_mixin.mixin.mixin_argument.MixinArgumentDecorator object at 0x7149aa8599f0>, verb_extension=<colcon_core.verb.build.BuildVerb object at 0x7149aa859540>, main=<bound method BuildVerb.main of <colcon_core.verb.build.BuildVerb object at 0x7149aa859540>>, mixin_verb=('build',))
[0.255s] Level 1:colcon.colcon_core.package_discovery:discover_packages(colcon_meta) check parameters
[0.257s] Level 1:colcon.colcon_core.package_discovery:discover_packages(recursive) check parameters
[0.257s] Level 1:colcon.colcon_core.package_discovery:discover_packages(ignore) check parameters
[0.258s] Level 1:colcon.colcon_core.package_discovery:discover_packages(path) check parameters
[0.258s] Level 1:colcon.colcon_core.package_discovery:discover_packages(colcon_meta) discover
[0.258s] Level 1:colcon.colcon_core.package_discovery:discover_packages(recursive) discover
[0.259s] INFO:colcon.colcon_core.package_discovery:Crawling recursively for packages in '/mnt/d/code/Major-Project/ros_ws'
[0.262s] Level 1:colcon.colcon_core.package_identification:_identify(.) by extensions ['ignore', 'ignore_ament_install']
[0.262s] Level 1:colcon.colcon_core.package_identification:_identify(.) by extension 'ignore'
[0.263s] Level 1:colcon.colcon_core.package_identification:_identify(.) by extension 'ignore_ament_install'
[0.264s] Level 1:colcon.colcon_core.package_identification:_identify(.) by extensions ['colcon_pkg']
[0.264s] Level 1:colcon.colcon_core.package_identification:_identify(.) by extension 'colcon_pkg'
[0.264s] Level 1:colcon.colcon_core.package_identification:_identify(.) by extensions ['colcon_meta']
[0.265s] Level 1:colcon.colcon_core.package_identification:_identify(.) by extension 'colcon_meta'
[0.265s] Level 1:colcon.colcon_core.package_identification:_identify(.) by extensions ['ros']
[0.265s] Level 1:colcon.colcon_core.package_identification:_identify(.) by extension 'ros'
[0.276s] Level 1:colcon.colcon_core.package_identification:_identify(.) by extensions ['cmake', 'python']
[0.276s] Level 1:colcon.colcon_core.package_identification:_identify(.) by extension 'cmake'
[0.277s] Level 1:colcon.colcon_core.package_identification:_identify(.) by extension 'python'
[0.278s] Level 1:colcon.colcon_core.package_identification:_identify(.) by extensions ['python_setup_py']
[0.278s] Level 1:colcon.colcon_core.package_identification:_identify(.) by extension 'python_setup_py'
[0.282s] Level 1:colcon.colcon_core.package_identification:_identify(build) by extensions ['ignore', 'ignore_ament_install']
[0.283s] Level 1:colcon.colcon_core.package_identification:_identify(build) by extension 'ignore'
[0.284s] Level 1:colcon.colcon_core.package_identification:_identify(build) ignored
[0.285s] Level 1:colcon.colcon_core.package_identification:_identify(install) by extensions ['ignore', 'ignore_ament_install']
[0.285s] Level 1:colcon.colcon_core.package_identification:_identify(install) by extension 'ignore'
[0.286s] Level 1:colcon.colcon_core.package_identification:_identify(install) ignored
[0.288s] Level 1:colcon.colcon_core.package_identification:_identify(log) by extensions ['ignore', 'ignore_ament_install']
[0.289s] Level 1:colcon.colcon_core.package_identification:_identify(log) by extension 'ignore'
[0.289s] Level 1:colcon.colcon_core.package_identification:_identify(log) ignored
[0.290s] Level 1:colcon.colcon_core.package_identification:_identify(src) by extensions ['ignore', 'ignore_ament_install']
[0.290s] Level 1:colcon.colcon_core.package_identification:_identify(src) by extension 'ignore'
[0.291s] Level 1:colcon.colcon_core.package_identification:_identify(src) by extension 'ignore_ament_install'
[0.292s] Level 1:colcon.colcon_core.package_identification:_identify(src) by extensions ['colcon_pkg']
[0.292s] Level 1:colcon.colcon_core.package_identification:_identify(src) by extension 'colcon_pkg'
[0.292s] Level 1:colcon.colcon_core.package_identification:_identify(src) by extensions ['colcon_meta']
[0.292s] Level 1:colcon.colcon_core.package_identification:_identify(src) by extension 'colcon_meta'
[0.293s] Level 1:colcon.colcon_core.package_identification:_identify(src) by extensions ['ros']
[0.293s] Level 1:colcon.colcon_core.package_identification:_identify(src) by extension 'ros'
[0.294s] Level 1:colcon.colcon_core.package_identification:_identify(src) by extensions ['cmake', 'python']
[0.294s] Level 1:colcon.colcon_core.package_identification:_identify(src) by extension 'cmake'
[0.295s] Level 1:colcon.colcon_core.package_identification:_identify(src) by extension 'python'
[0.295s] Level 1:colcon.colcon_core.package_identification:_identify(src) by extensions ['python_setup_py']
[0.296s] Level 1:colcon.colcon_core.package_identification:_identify(src) by extension 'python_setup_py'
[0.298s] Level 1:colcon.colcon_core.package_identification:_identify(src/my_bot) by extensions ['ignore', 'ignore_ament_install']
[0.298s] Level 1:colcon.colcon_core.package_identification:_identify(src/my_bot) by extension 'ignore'
[0.299s] Level 1:colcon.colcon_core.package_identification:_identify(src/my_bot) by extension 'ignore_ament_install'
[0.300s] Level 1:colcon.colcon_core.package_identification:_identify(src/my_bot) by extensions ['colcon_pkg']
[0.300s] Level 1:colcon.colcon_core.package_identification:_identify(src/my_bot) by extension 'colcon_pkg'
[0.300s] Level 1:colcon.colcon_core.package_identification:_identify(src/my_bot) by extensions ['colcon_meta']
[0.301s] Level 1:colcon.colcon_core.package_identification:_identify(src/my_bot) by extension 'colcon_meta'
[0.301s] Level 1:colcon.colcon_core.package_identification:_identify(src/my_bot) by extensions ['ros']
[0.302s] Level 1:colcon.colcon_core.package_identification:_identify(src/my_bot) by extension 'ros'
[0.309s] DEBUG:colcon.colcon_core.package_identification:Package 'src/my_bot' with type 'ros.ament_cmake' and name 'my_bot'
[0.309s] Level 1:colcon.colcon_core.package_discovery:discover_packages(recursive) using defaults
[0.309s] Level 1:colcon.colcon_core.package_discovery:discover_packages(ignore) discover
[0.309s] Level 1:colcon.colcon_core.package_discovery:discover_packages(ignore) using defaults
[0.310s] Level 1:colcon.colcon_core.package_discovery:discover_packages(path) discover
[0.310s] Level 1:colcon.colcon_core.package_discovery:discover_packages(path) using defaults
[0.341s] Level 1:colcon.colcon_core.package_discovery:discover_packages(prefix_path) check parameters
[0.341s] Level 1:colcon.colcon_core.package_discovery:discover_packages(prefix_path) discover
[0.362s] DEBUG:colcon.colcon_installed_package_information.package_discovery:Found 1 installed packages in /mnt/d/code/Major-Project/ros_ws/install
[0.363s] DEBUG:colcon.colcon_installed_package_information.package_discovery:Found 278 installed packages in /opt/ros/humble
[0.364s] Level 1:colcon.colcon_core.package_discovery:discover_packages(prefix_path) using defaults
[0.402s] Level 5:colcon.colcon_core.verb:set package 'my_bot' build argument 'cmake_args' from command line to 'None'
[0.402s] Level 5:colcon.colcon_core.verb:set package 'my_bot' build argument 'cmake_target' from command line to 'None'
[0.402s] Level 5:colcon.colcon_core.verb:set package 'my_bot' build argument 'cmake_target_skip_unavailable' from command line to 'False'
[0.402s] Level 5:colcon.colcon_core.verb:set package 'my_bot' build argument 'cmake_clean_cache' from command line to 'False'
[0.403s] Level 5:colcon.colcon_core.verb:set package 'my_bot' build argument 'cmake_clean_first' from command line to 'False'
[0.403s] Level 5:colcon.colcon_core.verb:set package 'my_bot' build argument 'cmake_force_configure' from command line to 'False'
[0.403s] Level 5:colcon.colcon_core.verb:set package 'my_bot' build argument 'ament_cmake_args' from command line to 'None'
[0.403s] Level 5:colcon.colcon_core.verb:set package 'my_bot' build argument 'catkin_cmake_args' from command line to 'None'
[0.404s] Level 5:colcon.colcon_core.verb:set package 'my_bot' build argument 'catkin_skip_building_tests' from command line to 'False'
[0.404s] DEBUG:colcon.colcon_core.verb:Building package 'my_bot' with the following arguments: {'ament_cmake_args': None, 'build_base': '/mnt/d/code/Major-Project/ros_ws/build/my_bot', 'catkin_cmake_args': None, 'catkin_skip_building_tests': False, 'cmake_args': None, 'cmake_clean_cache': False, 'cmake_clean_first': False, 'cmake_force_configure': False, 'cmake_target': None, 'cmake_target_skip_unavailable': False, 'install_base': '/mnt/d/code/Major-Project/ros_ws/install/my_bot', 'merge_install': False, 'path': '/mnt/d/code/Major-Project/ros_ws/src/my_bot', 'symlink_install': False, 'test_result_base': None}
[0.404s] INFO:colcon.colcon_core.executor:Executing jobs using 'parallel' executor
[0.405s] DEBUG:colcon.colcon_parallel_executor.executor.parallel:run_until_complete
[0.406s] INFO:colcon.colcon_ros.task.ament_cmake.build:Building ROS package in '/mnt/d/code/Major-Project/ros_ws/src/my_bot' with build type 'ament_cmake'
[0.406s] INFO:colcon.colcon_cmake.task.cmake.build:Building CMake package in '/mnt/d/code/Major-Project/ros_ws/src/my_bot'
[0.408s] INFO:colcon.colcon_core.plugin_system:Skipping extension 'colcon_core.shell.bat': Not used on non-Windows systems
[0.409s] INFO:colcon.colcon_core.shell:Skip shell extension 'powershell' for command environment: Not usable outside of PowerShell
[0.409s] DEBUG:colcon.colcon_core.shell:Skip shell extension 'dsv' for command environment
[0.480s] DEBUG:colcon.colcon_core.event_handler.log_command:Invoking command in '/mnt/d/code/Major-Project/ros_ws/build/my_bot': CMAKE_PREFIX_PATH=${CMAKE_PREFIX_PATH}:/opt/ros/humble /usr/bin/cmake /mnt/d/code/Major-Project/ros_ws/src/my_bot -DCMAKE_INSTALL_PREFIX=/mnt/d/code/Major-Project/ros_ws/install/my_bot
[7.470s] DEBUG:colcon.colcon_core.event_handler.log_command:Invoked command in '/mnt/d/code/Major-Project/ros_ws/build/my_bot' returned '0': CMAKE_PREFIX_PATH=${CMAKE_PREFIX_PATH}:/opt/ros/humble /usr/bin/cmake /mnt/d/code/Major-Project/ros_ws/src/my_bot -DCMAKE_INSTALL_PREFIX=/mnt/d/code/Major-Project/ros_ws/install/my_bot
[7.477s] DEBUG:colcon.colcon_core.event_handler.log_command:Invoking command in '/mnt/d/code/Major-Project/ros_ws/build/my_bot': CMAKE_PREFIX_PATH=${CMAKE_PREFIX_PATH}:/opt/ros/humble /usr/bin/cmake --build /mnt/d/code/Major-Project/ros_ws/build/my_bot -- -j7 -l7
[7.548s] DEBUG:colcon.colcon_core.event_handler.log_command:Invoked command in '/mnt/d/code/Major-Project/ros_ws/build/my_bot' returned '0': CMAKE_PREFIX_PATH=${CMAKE_PREFIX_PATH}:/opt/ros/humble /usr/bin/cmake --build /mnt/d/code/Major-Project/ros_ws/build/my_bot -- -j7 -l7
[7.574s] DEBUG:colcon.colcon_core.event_handler.log_command:Invoking command in '/mnt/d/code/Major-Project/ros_ws/build/my_bot': CMAKE_PREFIX_PATH=${CMAKE_PREFIX_PATH}:/opt/ros/humble /usr/bin/cmake --install /mnt/d/code/Major-Project/ros_ws/build/my_bot
[7.961s] Level 1:colcon.colcon_core.environment:create_environment_scripts_only(my_bot)
[7.962s] DEBUG:colcon.colcon_core.event_handler.log_command:Invoked command in '/mnt/d/code/Major-Project/ros_ws/build/my_bot' returned '0': CMAKE_PREFIX_PATH=${CMAKE_PREFIX_PATH}:/opt/ros/humble /usr/bin/cmake --install /mnt/d/code/Major-Project/ros_ws/build/my_bot
[7.963s] Level 1:colcon.colcon_core.environment:checking '/mnt/d/code/Major-Project/ros_ws/install/my_bot' for CMake module files
[8.026s] Level 1:colcon.colcon_core.environment:checking '/mnt/d/code/Major-Project/ros_ws/install/my_bot' for CMake config files
[8.095s] Level 1:colcon.colcon_core.shell:create_environment_hook('my_bot', 'cmake_prefix_path')
[8.096s] INFO:colcon.colcon_core.shell:Creating environment hook '/mnt/d/code/Major-Project/ros_ws/install/my_bot/share/my_bot/hook/cmake_prefix_path.ps1'
[8.105s] INFO:colcon.colcon_core.shell:Creating environment descriptor '/mnt/d/code/Major-Project/ros_ws/install/my_bot/share/my_bot/hook/cmake_prefix_path.dsv'
[8.113s] INFO:colcon.colcon_core.shell:Creating environment hook '/mnt/d/code/Major-Project/ros_ws/install/my_bot/share/my_bot/hook/cmake_prefix_path.sh'
[8.124s] Level 1:colcon.colcon_core.environment:checking '/mnt/d/code/Major-Project/ros_ws/install/my_bot/bin'
[8.125s] Level 1:colcon.colcon_core.environment:checking '/mnt/d/code/Major-Project/ros_ws/install/my_bot/lib/pkgconfig/my_bot.pc'
[8.126s] Level 1:colcon.colcon_core.environment:checking '/mnt/d/code/Major-Project/ros_ws/install/my_bot/lib/python3.10/site-packages'
[8.127s] Level 1:colcon.colcon_core.environment:checking '/mnt/d/code/Major-Project/ros_ws/install/my_bot/bin'
[8.128s] INFO:colcon.colcon_core.shell:Creating package script '/mnt/d/code/Major-Project/ros_ws/install/my_bot/share/my_bot/package.ps1'
[8.134s] INFO:colcon.colcon_core.shell:Creating package descriptor '/mnt/d/code/Major-Project/ros_ws/install/my_bot/share/my_bot/package.dsv'
[8.144s] INFO:colcon.colcon_core.shell:Creating package script '/mnt/d/code/Major-Project/ros_ws/install/my_bot/share/my_bot/package.sh'
[8.156s] INFO:colcon.colcon_core.shell:Creating package script '/mnt/d/code/Major-Project/ros_ws/install/my_bot/share/my_bot/package.bash'
[8.167s] INFO:colcon.colcon_core.shell:Creating package script '/mnt/d/code/Major-Project/ros_ws/install/my_bot/share/my_bot/package.zsh'
[8.175s] Level 1:colcon.colcon_core.environment:create_file_with_runtime_dependencies(/mnt/d/code/Major-Project/ros_ws/install/my_bot/share/colcon-core/packages/my_bot)
[8.191s] Level 1:colcon.colcon_core.environment:create_environment_scripts_only(my_bot)
[8.191s] Level 1:colcon.colcon_core.environment:checking '/mnt/d/code/Major-Project/ros_ws/install/my_bot' for CMake module files
[8.253s] Level 1:colcon.colcon_core.environment:checking '/mnt/d/code/Major-Project/ros_ws/install/my_bot' for CMake config files
[8.305s] Level 1:colcon.colcon_core.shell:create_environment_hook('my_bot', 'cmake_prefix_path')
[8.305s] INFO:colcon.colcon_core.shell:Creating environment hook '/mnt/d/code/Major-Project/ros_ws/install/my_bot/share/my_bot/hook/cmake_prefix_path.ps1'
[8.314s] INFO:colcon.colcon_core.shell:Creating environment descriptor '/mnt/d/code/Major-Project/ros_ws/install/my_bot/share/my_bot/hook/cmake_prefix_path.dsv'
[8.323s] INFO:colcon.colcon_core.shell:Creating environment hook '/mnt/d/code/Major-Project/ros_ws/install/my_bot/share/my_bot/hook/cmake_prefix_path.sh'
[8.333s] Level 1:colcon.colcon_core.environment:checking '/mnt/d/code/Major-Project/ros_ws/install/my_bot/bin'
[8.334s] Level 1:colcon.colcon_core.environment:checking '/mnt/d/code/Major-Project/ros_ws/install/my_bot/lib/pkgconfig/my_bot.pc'
[8.335s] Level 1:colcon.colcon_core.environment:checking '/mnt/d/code/Major-Project/ros_ws/install/my_bot/lib/python3.10/site-packages'
[8.335s] Level 1:colcon.colcon_core.environment:checking '/mnt/d/code/Major-Project/ros_ws/install/my_bot/bin'
[8.336s] INFO:colcon.colcon_core.shell:Creating package script '/mnt/d/code/Major-Project/ros_ws/install/my_bot/share/my_bot/package.ps1'
[8.344s] INFO:colcon.colcon_core.shell:Creating package descriptor '/mnt/d/code/Major-Project/ros_ws/install/my_bot/share/my_bot/package.dsv'
[8.353s] INFO:colcon.colcon_core.shell:Creating package script '/mnt/d/code/Major-Project/ros_ws/install/my_bot/share/my_bot/package.sh'
[8.361s] INFO:colcon.colcon_core.shell:Creating package script '/mnt/d/code/Major-Project/ros_ws/install/my_bot/share/my_bot/package.bash'
[8.368s] INFO:colcon.colcon_core.shell:Creating package script '/mnt/d/code/Major-Project/ros_ws/install/my_bot/share/my_bot/package.zsh'
[8.377s] Level 1:colcon.colcon_core.environment:create_file_with_runtime_dependencies(/mnt/d/code/Major-Project/ros_ws/install/my_bot/share/colcon-core/packages/my_bot)
[8.383s] DEBUG:colcon.colcon_parallel_executor.executor.parallel:closing loop
[8.383s] DEBUG:colcon.colcon_parallel_executor.executor.parallel:loop closed
[8.383s] DEBUG:colcon.colcon_parallel_executor.executor.parallel:run_until_complete finished with '0'
[8.384s] DEBUG:colcon.colcon_core.event_reactor:joining thread
[8.397s] INFO:colcon.colcon_core.plugin_system:Skipping extension 'colcon_notification.desktop_notification.terminal_notifier': Not used on non-Darwin systems
[8.397s] INFO:colcon.colcon_core.plugin_system:Skipping extension 'colcon_notification.desktop_notification.win32': Not used on non-Windows systems
[8.398s] INFO:colcon.colcon_notification.desktop_notification:Sending desktop notification using 'notify2'
[8.398s] DEBUG:colcon.colcon_notification.desktop_notification.notify2:Failed to initialize notify2: org.freedesktop.DBus.Error.FileNotFound: Failed to connect to socket /run/user/1000/bus: No such file or directory
[8.399s] DEBUG:colcon.colcon_core.event_reactor:joined thread
[8.399s] INFO:colcon.colcon_core.shell:Creating prefix script '/mnt/d/code/Major-Project/ros_ws/install/local_setup.ps1'
[8.404s] INFO:colcon.colcon_core.shell:Creating prefix util module '/mnt/d/code/Major-Project/ros_ws/install/_local_setup_util_ps1.py'
[8.411s] INFO:colcon.colcon_core.shell:Creating prefix chain script '/mnt/d/code/Major-Project/ros_ws/install/setup.ps1'
[8.427s] INFO:colcon.colcon_core.shell:Creating prefix script '/mnt/d/code/Major-Project/ros_ws/install/local_setup.sh'
[8.431s] INFO:colcon.colcon_core.shell:Creating prefix util module '/mnt/d/code/Major-Project/ros_ws/install/_local_setup_util_sh.py'
[8.434s] INFO:colcon.colcon_core.shell:Creating prefix chain script '/mnt/d/code/Major-Project/ros_ws/install/setup.sh'
[8.445s] INFO:colcon.colcon_core.shell:Creating prefix script '/mnt/d/code/Major-Project/ros_ws/install/local_setup.bash'
[8.450s] INFO:colcon.colcon_core.shell:Creating prefix chain script '/mnt/d/code/Major-Project/ros_ws/install/setup.bash'
[8.462s] INFO:colcon.colcon_core.shell:Creating prefix script '/mnt/d/code/Major-Project/ros_ws/install/local_setup.zsh'
[8.465s] INFO:colcon.colcon_core.shell:Creating prefix chain script '/mnt/d/code/Major-Project/ros_ws/install/setup.zsh'
