[0.111s] Invoking command in '/mnt/d/code/Major-Project/ros_ws/build/my_bot': CMAKE_PREFIX_PATH=${CMAKE_PREFIX_PATH}:/opt/ros/humble /usr/bin/cmake /mnt/d/code/Major-Project/ros_ws/src/my_bot -DCMAKE_INSTALL_PREFIX=/mnt/d/code/Major-Project/ros_ws/install/my_bot
[0.365s] -- The C compiler identification is GNU 11.4.0
[0.723s] -- The CXX compiler identification is GNU 11.4.0
[0.878s] -- Detecting C compiler ABI info
[1.241s] -- Detecting C compiler ABI info - done
[1.266s] -- Check for working C compiler: /usr/bin/cc - skipped
[1.267s] -- Detecting C compile features
[1.268s] -- Detecting C compile features - done
[1.303s] -- Detecting CXX compiler ABI info
[1.684s] -- Detecting CXX compiler ABI info - done
[1.706s] -- Check for working CXX compiler: /usr/bin/c++ - skipped
[1.708s] -- Detecting CXX compile features
[1.709s] -- Detecting CXX compile features - done
[1.748s] -- Found ament_cmake: 1.3.12 (/opt/ros/humble/share/ament_cmake/cmake)
[1.878s] -- Found Python3: /usr/bin/python3 (found version "3.10.12") found components: Interpreter 
[2.005s] -- Found ament_lint_auto: 0.12.14 (/opt/ros/humble/share/ament_lint_auto/cmake)
[2.261s] -- Added test 'copyright' to check source files copyright and LICENSE
[5.506s] -- Added test 'flake8' to check Python code syntax and style conventions
[5.879s] -- Added test 'lint_cmake' to check CMake code style
[6.063s] -- Added test 'pep257' to check Python code against some of the docstring style conventions in PEP 257
[7.708s] -- Added test 'xmllint' to check XML markup files
[7.824s] -- Configuring done
[7.977s] -- Generating done
[8.073s] -- Build files have been written to: /mnt/d/code/Major-Project/ros_ws/build/my_bot
[8.077s] Invoked command in '/mnt/d/code/Major-Project/ros_ws/build/my_bot' returned '0': CMAKE_PREFIX_PATH=${CMAKE_PREFIX_PATH}:/opt/ros/humble /usr/bin/cmake /mnt/d/code/Major-Project/ros_ws/src/my_bot -DCMAKE_INSTALL_PREFIX=/mnt/d/code/Major-Project/ros_ws/install/my_bot
[8.084s] Invoking command in '/mnt/d/code/Major-Project/ros_ws/build/my_bot': CMAKE_PREFIX_PATH=${CMAKE_PREFIX_PATH}:/opt/ros/humble /usr/bin/cmake --build /mnt/d/code/Major-Project/ros_ws/build/my_bot -- -j7 -l7
[8.155s] Invoked command in '/mnt/d/code/Major-Project/ros_ws/build/my_bot' returned '0': CMAKE_PREFIX_PATH=${CMAKE_PREFIX_PATH}:/opt/ros/humble /usr/bin/cmake --build /mnt/d/code/Major-Project/ros_ws/build/my_bot -- -j7 -l7
[8.176s] Invoking command in '/mnt/d/code/Major-Project/ros_ws/build/my_bot': CMAKE_PREFIX_PATH=${CMAKE_PREFIX_PATH}:/opt/ros/humble /usr/bin/cmake --install /mnt/d/code/Major-Project/ros_ws/build/my_bot
[8.183s] -- Install configuration: ""
[8.187s] -- Installing: /mnt/d/code/Major-Project/ros_ws/install/my_bot/share/my_bot/config
[8.203s] -- Installing: /mnt/d/code/Major-Project/ros_ws/install/my_bot/share/my_bot/config/empty.yaml
[8.243s] -- Installing: /mnt/d/code/Major-Project/ros_ws/install/my_bot/share/my_bot/description
[8.261s] -- Installing: /mnt/d/code/Major-Project/ros_ws/install/my_bot/share/my_bot/description/robot.urdf.xacro
[8.308s] -- Installing: /mnt/d/code/Major-Project/ros_ws/install/my_bot/share/my_bot/description/robot_core.xacro
[8.351s] -- Installing: /mnt/d/code/Major-Project/ros_ws/install/my_bot/share/my_bot/launch
[8.368s] -- Installing: /mnt/d/code/Major-Project/ros_ws/install/my_bot/share/my_bot/launch/rsp.launch.py
[8.412s] -- Installing: /mnt/d/code/Major-Project/ros_ws/install/my_bot/share/my_bot/worlds
[8.431s] -- Installing: /mnt/d/code/Major-Project/ros_ws/install/my_bot/share/my_bot/worlds/empty.world
[8.492s] -- Installing: /mnt/d/code/Major-Project/ros_ws/install/my_bot/share/ament_index/resource_index/package_run_dependencies/my_bot
[8.561s] -- Installing: /mnt/d/code/Major-Project/ros_ws/install/my_bot/share/ament_index/resource_index/parent_prefix_path/my_bot
[8.617s] -- Installing: /mnt/d/code/Major-Project/ros_ws/install/my_bot/share/my_bot/environment/ament_prefix_path.sh
[8.653s] -- Installing: /mnt/d/code/Major-Project/ros_ws/install/my_bot/share/my_bot/environment/ament_prefix_path.dsv
[8.689s] -- Installing: /mnt/d/code/Major-Project/ros_ws/install/my_bot/share/my_bot/environment/path.sh
[8.723s] -- Installing: /mnt/d/code/Major-Project/ros_ws/install/my_bot/share/my_bot/environment/path.dsv
[8.759s] -- Installing: /mnt/d/code/Major-Project/ros_ws/install/my_bot/share/my_bot/local_setup.bash
[8.793s] -- Installing: /mnt/d/code/Major-Project/ros_ws/install/my_bot/share/my_bot/local_setup.sh
[8.826s] -- Installing: /mnt/d/code/Major-Project/ros_ws/install/my_bot/share/my_bot/local_setup.zsh
[8.859s] -- Installing: /mnt/d/code/Major-Project/ros_ws/install/my_bot/share/my_bot/local_setup.dsv
[8.891s] -- Installing: /mnt/d/code/Major-Project/ros_ws/install/my_bot/share/my_bot/package.dsv
[8.938s] -- Installing: /mnt/d/code/Major-Project/ros_ws/install/my_bot/share/ament_index/resource_index/packages/my_bot
[8.991s] -- Installing: /mnt/d/code/Major-Project/ros_ws/install/my_bot/share/my_bot/cmake/my_botConfig.cmake
[9.030s] -- Installing: /mnt/d/code/Major-Project/ros_ws/install/my_bot/share/my_bot/cmake/my_botConfig-version.cmake
[9.071s] -- Installing: /mnt/d/code/Major-Project/ros_ws/install/my_bot/share/my_bot/package.xml
[9.106s] Invoked command in '/mnt/d/code/Major-Project/ros_ws/build/my_bot' returned '0': CMAKE_PREFIX_PATH=${CMAKE_PREFIX_PATH}:/opt/ros/humble /usr/bin/cmake --install /mnt/d/code/Major-Project/ros_ws/build/my_bot
