[0.074s] Invoking command in '/mnt/d/code/Major-Project/ros_ws/build/my_bot': CMAKE_PREFIX_PATH=/opt/ros/humble /usr/bin/cmake /mnt/d/code/Major-Project/ros_ws/src -DAMENT_CMAKE_SYMLINK_INSTALL=1 -DCMAKE_INSTALL_PREFIX=/mnt/d/code/Major-Project/ros_ws/install/my_bot
[0.511s] -- The C compiler identification is GNU 11.4.0
[0.835s] -- The CXX compiler identification is GNU 11.4.0
[0.978s] -- Detecting C compiler ABI info
[1.382s] -- Detecting C compiler ABI info - done
[1.409s] -- Check for working C compiler: /usr/bin/cc - skipped
[1.410s] -- Detecting C compile features
[1.411s] -- Detecting C compile features - done
[1.450s] -- Detecting CXX compiler ABI info
[1.905s] -- Detecting CXX compiler ABI info - done
[1.928s] -- Check for working CXX compiler: /usr/bin/c++ - skipped
[1.930s] -- Detecting CXX compile features
[1.930s] -- Detecting CXX compile features - done
[1.984s] -- Found ament_cmake: 1.3.12 (/opt/ros/humble/share/ament_cmake/cmake)
[2.135s] -- Found Python3: /usr/bin/python3 (found version "3.10.12") found components: Interpreter 
[2.270s] -- Override CMake install command with custom implementation using symlinks instead of copying resources
[2.402s] -- Found ament_lint_auto: 0.12.14 (/opt/ros/humble/share/ament_lint_auto/cmake)
[3.398s] -- Added test 'copyright' to check source files copyright and LICENSE
[3.817s] -- Added test 'flake8' to check Python code syntax and style conventions
[3.921s] -- Added test 'lint_cmake' to check CMake code style
[3.957s] -- Added test 'pep257' to check Python code against some of the docstring style conventions in PEP 257
[4.203s] -- Added test 'xmllint' to check XML markup files
[4.412s] -- Configuring done
[4.599s] -- Generating done
[4.817s] -- Build files have been written to: /mnt/d/code/Major-Project/ros_ws/build/my_bot
[4.821s] Invoked command in '/mnt/d/code/Major-Project/ros_ws/build/my_bot' returned '0': CMAKE_PREFIX_PATH=/opt/ros/humble /usr/bin/cmake /mnt/d/code/Major-Project/ros_ws/src -DAMENT_CMAKE_SYMLINK_INSTALL=1 -DCMAKE_INSTALL_PREFIX=/mnt/d/code/Major-Project/ros_ws/install/my_bot
[4.831s] Invoking command in '/mnt/d/code/Major-Project/ros_ws/build/my_bot': CMAKE_PREFIX_PATH=/opt/ros/humble /usr/bin/cmake --build /mnt/d/code/Major-Project/ros_ws/build/my_bot -- -j7 -l7
[4.899s] Invoked command in '/mnt/d/code/Major-Project/ros_ws/build/my_bot' returned '0': CMAKE_PREFIX_PATH=/opt/ros/humble /usr/bin/cmake --build /mnt/d/code/Major-Project/ros_ws/build/my_bot -- -j7 -l7
[4.922s] Invoking command in '/mnt/d/code/Major-Project/ros_ws/build/my_bot': CMAKE_PREFIX_PATH=/opt/ros/humble /usr/bin/cmake --install /mnt/d/code/Major-Project/ros_ws/build/my_bot
[4.930s] -- Install configuration: ""
[4.937s] -- Execute custom install script
[4.957s] -- Symlinking: /mnt/d/code/Major-Project/ros_ws/install/my_bot/share/my_bot/config/empty.yaml
[4.991s] -- Symlinking: /mnt/d/code/Major-Project/ros_ws/install/my_bot/share/my_bot/description/robot.urdf.xacro
[5.027s] -- Symlinking: /mnt/d/code/Major-Project/ros_ws/install/my_bot/share/my_bot/launch/rsp.launch.py
[5.063s] -- Symlinking: /mnt/d/code/Major-Project/ros_ws/install/my_bot/share/my_bot/worlds/empty.world
[5.097s] -- Symlinking: /mnt/d/code/Major-Project/ros_ws/install/my_bot/share/ament_index/resource_index/package_run_dependencies/my_bot
[5.134s] -- Symlinking: /mnt/d/code/Major-Project/ros_ws/install/my_bot/share/ament_index/resource_index/parent_prefix_path/my_bot
[5.170s] -- Symlinking: /mnt/d/code/Major-Project/ros_ws/install/my_bot/share/my_bot/environment/ament_prefix_path.sh
[5.196s] -- Symlinking: /mnt/d/code/Major-Project/ros_ws/install/my_bot/share/my_bot/environment/ament_prefix_path.dsv
[5.223s] -- Symlinking: /mnt/d/code/Major-Project/ros_ws/install/my_bot/share/my_bot/environment/path.sh
[5.251s] -- Symlinking: /mnt/d/code/Major-Project/ros_ws/install/my_bot/share/my_bot/environment/path.dsv
[5.276s] -- Symlinking: /mnt/d/code/Major-Project/ros_ws/install/my_bot/share/my_bot/local_setup.bash
[5.299s] -- Symlinking: /mnt/d/code/Major-Project/ros_ws/install/my_bot/share/my_bot/local_setup.sh
[5.321s] -- Symlinking: /mnt/d/code/Major-Project/ros_ws/install/my_bot/share/my_bot/local_setup.zsh
[5.345s] -- Symlinking: /mnt/d/code/Major-Project/ros_ws/install/my_bot/share/my_bot/local_setup.dsv
[5.368s] -- Symlinking: /mnt/d/code/Major-Project/ros_ws/install/my_bot/share/my_bot/package.dsv
[5.401s] -- Symlinking: /mnt/d/code/Major-Project/ros_ws/install/my_bot/share/ament_index/resource_index/packages/my_bot
[5.433s] -- Symlinking: /mnt/d/code/Major-Project/ros_ws/install/my_bot/share/my_bot/cmake/my_botConfig.cmake
[5.459s] -- Symlinking: /mnt/d/code/Major-Project/ros_ws/install/my_bot/share/my_bot/cmake/my_botConfig-version.cmake
[5.484s] -- Symlinking: /mnt/d/code/Major-Project/ros_ws/install/my_bot/share/my_bot/package.xml
[5.504s] Invoked command in '/mnt/d/code/Major-Project/ros_ws/build/my_bot' returned '0': CMAKE_PREFIX_PATH=/opt/ros/humble /usr/bin/cmake --install /mnt/d/code/Major-Project/ros_ws/build/my_bot
