[0.042s] Invoking command in '/mnt/d/code/Major-Project/ros_ws/build/my_bot': CMAKE_PREFIX_PATH=/opt/ros/humble /usr/bin/cmake --build /mnt/d/code/Major-Project/ros_ws/build/my_bot -- -j7 -l7
[0.114s] Invoked command in '/mnt/d/code/Major-Project/ros_ws/build/my_bot' returned '0': CMAKE_PREFIX_PATH=/opt/ros/humble /usr/bin/cmake --build /mnt/d/code/Major-Project/ros_ws/build/my_bot -- -j7 -l7
[0.137s] Invoking command in '/mnt/d/code/Major-Project/ros_ws/build/my_bot': CMAKE_PREFIX_PATH=/opt/ros/humble /usr/bin/cmake --install /mnt/d/code/Major-Project/ros_ws/build/my_bot
[0.145s] -- Install configuration: ""
[0.152s] -- Up-to-date: /mnt/d/code/Major-Project/ros_ws/install/my_bot/share/my_bot/config
[0.168s] -- Up-to-date: /mnt/d/code/Major-Project/ros_ws/install/my_bot/share/my_bot/config/empty.yaml
[0.177s] -- Up-to-date: /mnt/d/code/Major-Project/ros_ws/install/my_bot/share/my_bot/description
[0.196s] -- Up-to-date: /mnt/d/code/Major-Project/ros_ws/install/my_bot/share/my_bot/description/robot.urdf.xacro
[0.207s] -- Up-to-date: /mnt/d/code/Major-Project/ros_ws/install/my_bot/share/my_bot/launch
[0.225s] -- Up-to-date: /mnt/d/code/Major-Project/ros_ws/install/my_bot/share/my_bot/launch/rsp.launch.py
[0.234s] -- Up-to-date: /mnt/d/code/Major-Project/ros_ws/install/my_bot/share/my_bot/worlds
[0.250s] -- Up-to-date: /mnt/d/code/Major-Project/ros_ws/install/my_bot/share/my_bot/worlds/empty.world
[0.269s] -- Up-to-date: /mnt/d/code/Major-Project/ros_ws/install/my_bot/share/ament_index/resource_index/package_run_dependencies/my_bot
[0.287s] -- Up-to-date: /mnt/d/code/Major-Project/ros_ws/install/my_bot/share/ament_index/resource_index/parent_prefix_path/my_bot
[0.296s] -- Up-to-date: /mnt/d/code/Major-Project/ros_ws/install/my_bot/share/my_bot/environment/ament_prefix_path.sh
[0.308s] -- Up-to-date: /mnt/d/code/Major-Project/ros_ws/install/my_bot/share/my_bot/environment/ament_prefix_path.dsv
[0.317s] -- Up-to-date: /mnt/d/code/Major-Project/ros_ws/install/my_bot/share/my_bot/environment/path.sh
[0.328s] -- Up-to-date: /mnt/d/code/Major-Project/ros_ws/install/my_bot/share/my_bot/environment/path.dsv
[0.339s] -- Up-to-date: /mnt/d/code/Major-Project/ros_ws/install/my_bot/share/my_bot/local_setup.bash
[0.350s] -- Up-to-date: /mnt/d/code/Major-Project/ros_ws/install/my_bot/share/my_bot/local_setup.sh
[0.360s] -- Up-to-date: /mnt/d/code/Major-Project/ros_ws/install/my_bot/share/my_bot/local_setup.zsh
[0.370s] -- Up-to-date: /mnt/d/code/Major-Project/ros_ws/install/my_bot/share/my_bot/local_setup.dsv
[0.381s] -- Installing: /mnt/d/code/Major-Project/ros_ws/install/my_bot/share/my_bot/package.dsv
[0.424s] -- Up-to-date: /mnt/d/code/Major-Project/ros_ws/install/my_bot/share/ament_index/resource_index/packages/my_bot
[0.436s] -- Up-to-date: /mnt/d/code/Major-Project/ros_ws/install/my_bot/share/my_bot/cmake/my_botConfig.cmake
[0.445s] -- Up-to-date: /mnt/d/code/Major-Project/ros_ws/install/my_bot/share/my_bot/cmake/my_botConfig-version.cmake
[0.458s] -- Up-to-date: /mnt/d/code/Major-Project/ros_ws/install/my_bot/share/my_bot/package.xml
[0.469s] Invoked command in '/mnt/d/code/Major-Project/ros_ws/build/my_bot' returned '0': CMAKE_PREFIX_PATH=/opt/ros/humble /usr/bin/cmake --install /mnt/d/code/Major-Project/ros_ws/build/my_bot
